<?xml version="1.0" encoding="UTF-8"?>
<robot generator="Robot 4.0.3 (Python 3.9.5 on win32)" generated="20210616 20:39:48.311" rpa="false" schemaversion="2">
<suite id="s1" name="Exercicio1" source="C:\Proj_Automação\Prime_expert\prime_expert\tests\exercicio1.robot">
<test id="s1-t1" name="Cenario: Imprimir 5 e 8">
<for flavor="IN RANGE">
<var>${numero}</var>
<value>0</value>
<value>10</value>
<iter>
<var name="${numero}">0</var>
<if>
<branch type="IF" condition="'${numero}'=='5'">
<kw name="Log To Console" library="BuiltIn">
<arg>Estou no número ${numero}</arg>
<doc>Logs the given message to the console.</doc>
<status status="NOT RUN" starttime="20210616 20:39:48.343" endtime="20210616 20:39:48.343"/>
</kw>
<status status="NOT RUN" starttime="20210616 20:39:48.343" endtime="20210616 20:39:48.343"/>
</branch>
<branch type="ELSE IF" condition="'${numero}'=='8'">
<kw name="Log To Console" library="BuiltIn">
<arg>Estou no número ${numero}</arg>
<doc>Logs the given message to the console.</doc>
<status status="NOT RUN" starttime="20210616 20:39:48.343" endtime="20210616 20:39:48.343"/>
</kw>
<status status="NOT RUN" starttime="20210616 20:39:48.343" endtime="20210616 20:39:48.343"/>
</branch>
<status status="PASS" starttime="20210616 20:39:48.342" endtime="20210616 20:39:48.343"/>
</if>
<status status="PASS" starttime="20210616 20:39:48.342" endtime="20210616 20:39:48.343"/>
</iter>
<iter>
<var name="${numero}">1</var>
<if>
<branch type="IF" condition="'${numero}'=='5'">
<kw name="Log To Console" library="BuiltIn">
<arg>Estou no número ${numero}</arg>
<doc>Logs the given message to the console.</doc>
<status status="NOT RUN" starttime="20210616 20:39:48.344" endtime="20210616 20:39:48.344"/>
</kw>
<status status="NOT RUN" starttime="20210616 20:39:48.343" endtime="20210616 20:39:48.344"/>
</branch>
<branch type="ELSE IF" condition="'${numero}'=='8'">
<kw name="Log To Console" library="BuiltIn">
<arg>Estou no número ${numero}</arg>
<doc>Logs the given message to the console.</doc>
<status status="NOT RUN" starttime="20210616 20:39:48.344" endtime="20210616 20:39:48.344"/>
</kw>
<status status="NOT RUN" starttime="20210616 20:39:48.344" endtime="20210616 20:39:48.344"/>
</branch>
<status status="PASS" starttime="20210616 20:39:48.343" endtime="20210616 20:39:48.344"/>
</if>
<status status="PASS" starttime="20210616 20:39:48.343" endtime="20210616 20:39:48.344"/>
</iter>
<iter>
<var name="${numero}">2</var>
<if>
<branch type="IF" condition="'${numero}'=='5'">
<kw name="Log To Console" library="BuiltIn">
<arg>Estou no número ${numero}</arg>
<doc>Logs the given message to the console.</doc>
<status status="NOT RUN" starttime="20210616 20:39:48.344" endtime="20210616 20:39:48.344"/>
</kw>
<status status="NOT RUN" starttime="20210616 20:39:48.344" endtime="20210616 20:39:48.344"/>
</branch>
<branch type="ELSE IF" condition="'${numero}'=='8'">
<kw name="Log To Console" library="BuiltIn">
<arg>Estou no número ${numero}</arg>
<doc>Logs the given message to the console.</doc>
<status status="NOT RUN" starttime="20210616 20:39:48.345" endtime="20210616 20:39:48.345"/>
</kw>
<status status="NOT RUN" starttime="20210616 20:39:48.344" endtime="20210616 20:39:48.345"/>
</branch>
<status status="PASS" starttime="20210616 20:39:48.344" endtime="20210616 20:39:48.345"/>
</if>
<status status="PASS" starttime="20210616 20:39:48.344" endtime="20210616 20:39:48.345"/>
</iter>
<iter>
<var name="${numero}">3</var>
<if>
<branch type="IF" condition="'${numero}'=='5'">
<kw name="Log To Console" library="BuiltIn">
<arg>Estou no número ${numero}</arg>
<doc>Logs the given message to the console.</doc>
<status status="NOT RUN" starttime="20210616 20:39:48.345" endtime="20210616 20:39:48.345"/>
</kw>
<status status="NOT RUN" starttime="20210616 20:39:48.345" endtime="20210616 20:39:48.345"/>
</branch>
<branch type="ELSE IF" condition="'${numero}'=='8'">
<kw name="Log To Console" library="BuiltIn">
<arg>Estou no número ${numero}</arg>
<doc>Logs the given message to the console.</doc>
<status status="NOT RUN" starttime="20210616 20:39:48.345" endtime="20210616 20:39:48.345"/>
</kw>
<status status="NOT RUN" starttime="20210616 20:39:48.345" endtime="20210616 20:39:48.345"/>
</branch>
<status status="PASS" starttime="20210616 20:39:48.345" endtime="20210616 20:39:48.345"/>
</if>
<status status="PASS" starttime="20210616 20:39:48.345" endtime="20210616 20:39:48.345"/>
</iter>
<iter>
<var name="${numero}">4</var>
<if>
<branch type="IF" condition="'${numero}'=='5'">
<kw name="Log To Console" library="BuiltIn">
<arg>Estou no número ${numero}</arg>
<doc>Logs the given message to the console.</doc>
<status status="NOT RUN" starttime="20210616 20:39:48.346" endtime="20210616 20:39:48.346"/>
</kw>
<status status="NOT RUN" starttime="20210616 20:39:48.346" endtime="20210616 20:39:48.346"/>
</branch>
<branch type="ELSE IF" condition="'${numero}'=='8'">
<kw name="Log To Console" library="BuiltIn">
<arg>Estou no número ${numero}</arg>
<doc>Logs the given message to the console.</doc>
<status status="NOT RUN" starttime="20210616 20:39:48.346" endtime="20210616 20:39:48.346"/>
</kw>
<status status="NOT RUN" starttime="20210616 20:39:48.346" endtime="20210616 20:39:48.346"/>
</branch>
<status status="PASS" starttime="20210616 20:39:48.346" endtime="20210616 20:39:48.346"/>
</if>
<status status="PASS" starttime="20210616 20:39:48.346" endtime="20210616 20:39:48.346"/>
</iter>
<iter>
<var name="${numero}">5</var>
<if>
<branch type="IF" condition="'${numero}'=='5'">
<kw name="Log To Console" library="BuiltIn">
<arg>Estou no número ${numero}</arg>
<doc>Logs the given message to the console.</doc>
<status status="PASS" starttime="20210616 20:39:48.347" endtime="20210616 20:39:48.347"/>
</kw>
<status status="PASS" starttime="20210616 20:39:48.346" endtime="20210616 20:39:48.347"/>
</branch>
<branch type="ELSE IF" condition="'${numero}'=='8'">
<kw name="Log To Console" library="BuiltIn">
<arg>Estou no número ${numero}</arg>
<doc>Logs the given message to the console.</doc>
<status status="NOT RUN" starttime="20210616 20:39:48.347" endtime="20210616 20:39:48.347"/>
</kw>
<status status="NOT RUN" starttime="20210616 20:39:48.347" endtime="20210616 20:39:48.347"/>
</branch>
<status status="PASS" starttime="20210616 20:39:48.346" endtime="20210616 20:39:48.348"/>
</if>
<status status="PASS" starttime="20210616 20:39:48.346" endtime="20210616 20:39:48.348"/>
</iter>
<iter>
<var name="${numero}">6</var>
<if>
<branch type="IF" condition="'${numero}'=='5'">
<kw name="Log To Console" library="BuiltIn">
<arg>Estou no número ${numero}</arg>
<doc>Logs the given message to the console.</doc>
<status status="NOT RUN" starttime="20210616 20:39:48.348" endtime="20210616 20:39:48.348"/>
</kw>
<status status="NOT RUN" starttime="20210616 20:39:48.348" endtime="20210616 20:39:48.348"/>
</branch>
<branch type="ELSE IF" condition="'${numero}'=='8'">
<kw name="Log To Console" library="BuiltIn">
<arg>Estou no número ${numero}</arg>
<doc>Logs the given message to the console.</doc>
<status status="NOT RUN" starttime="20210616 20:39:48.348" endtime="20210616 20:39:48.348"/>
</kw>
<status status="NOT RUN" starttime="20210616 20:39:48.348" endtime="20210616 20:39:48.348"/>
</branch>
<status status="PASS" starttime="20210616 20:39:48.348" endtime="20210616 20:39:48.348"/>
</if>
<status status="PASS" starttime="20210616 20:39:48.348" endtime="20210616 20:39:48.348"/>
</iter>
<iter>
<var name="${numero}">7</var>
<if>
<branch type="IF" condition="'${numero}'=='5'">
<kw name="Log To Console" library="BuiltIn">
<arg>Estou no número ${numero}</arg>
<doc>Logs the given message to the console.</doc>
<status status="NOT RUN" starttime="20210616 20:39:48.349" endtime="20210616 20:39:48.349"/>
</kw>
<status status="NOT RUN" starttime="20210616 20:39:48.349" endtime="20210616 20:39:48.349"/>
</branch>
<branch type="ELSE IF" condition="'${numero}'=='8'">
<kw name="Log To Console" library="BuiltIn">
<arg>Estou no número ${numero}</arg>
<doc>Logs the given message to the console.</doc>
<status status="NOT RUN" starttime="20210616 20:39:48.349" endtime="20210616 20:39:48.349"/>
</kw>
<status status="NOT RUN" starttime="20210616 20:39:48.349" endtime="20210616 20:39:48.349"/>
</branch>
<status status="PASS" starttime="20210616 20:39:48.349" endtime="20210616 20:39:48.349"/>
</if>
<status status="PASS" starttime="20210616 20:39:48.349" endtime="20210616 20:39:48.349"/>
</iter>
<iter>
<var name="${numero}">8</var>
<if>
<branch type="IF" condition="'${numero}'=='5'">
<kw name="Log To Console" library="BuiltIn">
<arg>Estou no número ${numero}</arg>
<doc>Logs the given message to the console.</doc>
<status status="NOT RUN" starttime="20210616 20:39:48.349" endtime="20210616 20:39:48.349"/>
</kw>
<status status="NOT RUN" starttime="20210616 20:39:48.349" endtime="20210616 20:39:48.350"/>
</branch>
<branch type="ELSE IF" condition="'${numero}'=='8'">
<kw name="Log To Console" library="BuiltIn">
<arg>Estou no número ${numero}</arg>
<doc>Logs the given message to the console.</doc>
<status status="PASS" starttime="20210616 20:39:48.350" endtime="20210616 20:39:48.350"/>
</kw>
<status status="PASS" starttime="20210616 20:39:48.350" endtime="20210616 20:39:48.350"/>
</branch>
<status status="PASS" starttime="20210616 20:39:48.349" endtime="20210616 20:39:48.350"/>
</if>
<status status="PASS" starttime="20210616 20:39:48.349" endtime="20210616 20:39:48.350"/>
</iter>
<iter>
<var name="${numero}">9</var>
<if>
<branch type="IF" condition="'${numero}'=='5'">
<kw name="Log To Console" library="BuiltIn">
<arg>Estou no número ${numero}</arg>
<doc>Logs the given message to the console.</doc>
<status status="NOT RUN" starttime="20210616 20:39:48.351" endtime="20210616 20:39:48.351"/>
</kw>
<status status="NOT RUN" starttime="20210616 20:39:48.351" endtime="20210616 20:39:48.351"/>
</branch>
<branch type="ELSE IF" condition="'${numero}'=='8'">
<kw name="Log To Console" library="BuiltIn">
<arg>Estou no número ${numero}</arg>
<doc>Logs the given message to the console.</doc>
<status status="NOT RUN" starttime="20210616 20:39:48.352" endtime="20210616 20:39:48.352"/>
</kw>
<status status="NOT RUN" starttime="20210616 20:39:48.351" endtime="20210616 20:39:48.352"/>
</branch>
<status status="PASS" starttime="20210616 20:39:48.351" endtime="20210616 20:39:48.352"/>
</if>
<status status="PASS" starttime="20210616 20:39:48.351" endtime="20210616 20:39:48.352"/>
</iter>
<status status="PASS" starttime="20210616 20:39:48.342" endtime="20210616 20:39:48.352"/>
</for>
<tag>Contador_2</tag>
<status status="PASS" starttime="20210616 20:39:48.341" endtime="20210616 20:39:48.353"/>
</test>
<doc>Aqui estarão todos os exercícios do curso Prime Expertes
focado em imersão com Robot</doc>
<status status="PASS" starttime="20210616 20:39:48.313" endtime="20210616 20:39:48.354"/>
</suite>
<statistics>
<total>
<stat pass="1" fail="0" skip="0">All Tests</stat>
</total>
<tag>
<stat pass="1" fail="0" skip="0">Contador_2</stat>
</tag>
<suite>
<stat pass="1" fail="0" skip="0" id="s1" name="Exercicio1">Exercicio1</stat>
</suite>
</statistics>
<errors>
</errors>
</robot>
