<?xml version="1.0" encoding="UTF-8"?>
<robot generator="Robot 4.0.3 (Python 3.9.5 on win32)" generated="20210616 15:41:04.635" rpa="false" schemaversion="2">
<suite id="s1" name="Exercicio1" source="C:\Proj_Automação\Prime_expert\prime_expert\tests\exercicio1.robot">
<test id="s1-t1" name="Cenario: Imprimir o Dicionario">
<kw name="Log To Console" library="BuiltIn">
<arg>${PESSOA.nome}</arg>
<doc>Logs the given message to the console.</doc>
<status status="PASS" starttime="20210616 15:41:04.665" endtime="20210616 15:41:04.666"/>
</kw>
<kw name="Log To Console" library="BuiltIn">
<arg>${PESSOA.idade}</arg>
<doc>Logs the given message to the console.</doc>
<status status="PASS" starttime="20210616 15:41:04.666" endtime="20210616 15:41:04.668"/>
</kw>
<status status="PASS" starttime="20210616 15:41:04.664" endtime="20210616 15:41:04.668"/>
</test>
<test id="s1-t2" name="Cenario: Dados pessoais">
<kw name="Log To Console" library="BuiltIn">
<arg>${PESSOA.nome}</arg>
<doc>Logs the given message to the console.</doc>
<status status="PASS" starttime="20210616 15:41:04.671" endtime="20210616 15:41:04.672"/>
</kw>
<kw name="Log To Console" library="BuiltIn">
<arg>${PESSOA.sobrenome}</arg>
<doc>Logs the given message to the console.</doc>
<status status="PASS" starttime="20210616 15:41:04.672" endtime="20210616 15:41:04.673"/>
</kw>
<kw name="Log To Console" library="BuiltIn">
<arg>${PESSOA.idade}</arg>
<doc>Logs the given message to the console.</doc>
<status status="PASS" starttime="20210616 15:41:04.674" endtime="20210616 15:41:04.675"/>
</kw>
<kw name="Log To Console" library="BuiltIn">
<arg>${PESSOA.endereço}</arg>
<doc>Logs the given message to the console.</doc>
<status status="PASS" starttime="20210616 15:41:04.675" endtime="20210616 15:41:04.676"/>
</kw>
<kw name="Log To Console" library="BuiltIn">
<arg>${PESSOA.cep}</arg>
<doc>Logs the given message to the console.</doc>
<status status="PASS" starttime="20210616 15:41:04.676" endtime="20210616 15:41:04.677"/>
</kw>
<kw name="Log To Console" library="BuiltIn">
<arg>${PESSOA.celular}</arg>
<doc>Logs the given message to the console.</doc>
<status status="PASS" starttime="20210616 15:41:04.677" endtime="20210616 15:41:04.678"/>
</kw>
<status status="PASS" starttime="20210616 15:41:04.670" endtime="20210616 15:41:04.679"/>
</test>
<test id="s1-t3" name="Cenario: Cinco Frutas">
<kw name="Log To Console" library="BuiltIn">
<arg>\n ${FRUTAS[0]}</arg>
<doc>Logs the given message to the console.</doc>
<status status="PASS" starttime="20210616 15:41:04.681" endtime="20210616 15:41:04.682"/>
</kw>
<kw name="Log To Console" library="BuiltIn">
<arg>\n ${FRUTAS[1]}</arg>
<doc>Logs the given message to the console.</doc>
<status status="PASS" starttime="20210616 15:41:04.682" endtime="20210616 15:41:04.684"/>
</kw>
<kw name="Log To Console" library="BuiltIn">
<arg>\n ${FRUTAS[2]}</arg>
<doc>Logs the given message to the console.</doc>
<status status="PASS" starttime="20210616 15:41:04.684" endtime="20210616 15:41:04.685"/>
</kw>
<kw name="Log To Console" library="BuiltIn">
<arg>\n ${FRUTAS[3]}</arg>
<doc>Logs the given message to the console.</doc>
<status status="PASS" starttime="20210616 15:41:04.686" endtime="20210616 15:41:04.687"/>
</kw>
<kw name="Log To Console" library="BuiltIn">
<arg>\n ${FRUTAS[4]}</arg>
<doc>Logs the given message to the console.</doc>
<status status="PASS" starttime="20210616 15:41:04.687" endtime="20210616 15:41:04.689"/>
</kw>
<kw name="Log To Console" library="BuiltIn">
<arg>\n ${FRUTAS[4]}</arg>
<doc>Logs the given message to the console.</doc>
<status status="PASS" starttime="20210616 15:41:04.689" endtime="20210616 15:41:04.691"/>
</kw>
<status status="PASS" starttime="20210616 15:41:04.680" endtime="20210616 15:41:04.692"/>
</test>
<test id="s1-t4" name="Cenario: Realizar soma">
<kw name="Somar dois números">
<var>${RESULTADO}</var>
<arg>11</arg>
<arg>23</arg>
<kw name="Evaluate" library="BuiltIn">
<var>${SOMA}</var>
<arg>${NUM_A}+${NUM_B}</arg>
<doc>Evaluates the given expression in Python and returns the result.</doc>
<msg timestamp="20210616 15:41:04.694" level="INFO">${SOMA} = 34</msg>
<status status="PASS" starttime="20210616 15:41:04.694" endtime="20210616 15:41:04.694"/>
</kw>
<kw name="Log To Console" library="BuiltIn">
<arg>${SOMA}</arg>
<doc>Logs the given message to the console.</doc>
<status status="PASS" starttime="20210616 15:41:04.694" endtime="20210616 15:41:04.694"/>
</kw>
<msg timestamp="20210616 15:41:04.695" level="INFO">${RESULTADO} = 34</msg>
<status status="PASS" starttime="20210616 15:41:04.693" endtime="20210616 15:41:04.695"/>
</kw>
<kw name="Log To Console" library="BuiltIn">
<arg>${RESULTADO}</arg>
<doc>Logs the given message to the console.</doc>
<status status="PASS" starttime="20210616 15:41:04.695" endtime="20210616 15:41:04.696"/>
</kw>
<tag>SOMA</tag>
<status status="PASS" starttime="20210616 15:41:04.692" endtime="20210616 15:41:04.696"/>
</test>
<test id="s1-t5" name="Cenario: Meu teste soma">
<kw name="Somar dois números &quot;55&quot; &quot;44&quot;" sourcename="Somar dois números &quot;${NUM_A}&quot; &quot;${NUm_B}&quot;">
<var>${RESULTADO}</var>
<kw name="Evaluate" library="BuiltIn">
<var>${SOMA}</var>
<arg>${NUM_A}+${NUM_B}</arg>
<doc>Evaluates the given expression in Python and returns the result.</doc>
<msg timestamp="20210616 15:41:04.699" level="INFO">${SOMA} = 99</msg>
<status status="PASS" starttime="20210616 15:41:04.699" endtime="20210616 15:41:04.699"/>
</kw>
<kw name="Log To Console" library="BuiltIn">
<arg>${SOMA}</arg>
<doc>Logs the given message to the console.</doc>
<status status="PASS" starttime="20210616 15:41:04.699" endtime="20210616 15:41:04.700"/>
</kw>
<msg timestamp="20210616 15:41:04.700" level="INFO">${RESULTADO} = 99</msg>
<status status="PASS" starttime="20210616 15:41:04.698" endtime="20210616 15:41:04.700"/>
</kw>
<kw name="Log To Console" library="BuiltIn">
<arg>${RESULTADO}</arg>
<doc>Logs the given message to the console.</doc>
<status status="PASS" starttime="20210616 15:41:04.700" endtime="20210616 15:41:04.701"/>
</kw>
<tag>SOMA2</tag>
<status status="PASS" starttime="20210616 15:41:04.698" endtime="20210616 15:41:04.701"/>
</test>
<doc>Aqui estarão todos os exercícios do curso Prime Expertes
focado em imersão com Robot</doc>
<status status="PASS" starttime="20210616 15:41:04.637" endtime="20210616 15:41:04.703"/>
</suite>
<statistics>
<total>
<stat pass="5" fail="0" skip="0">All Tests</stat>
</total>
<tag>
<stat pass="1" fail="0" skip="0">SOMA</stat>
<stat pass="1" fail="0" skip="0">SOMA2</stat>
</tag>
<suite>
<stat pass="5" fail="0" skip="0" id="s1" name="Exercicio1">Exercicio1</stat>
</suite>
</statistics>
<errors>
</errors>
</robot>
