<?xml version="1.0" encoding="UTF-8"?>
<robot generator="Robot 4.0.3 (Python 3.9.5 on win32)" generated="20210620 22:20:58.944" rpa="false" schemaversion="2">
<suite id="s1" name="Apiautomation" source="C:\Proj_Automação\Prime_Expert\prime_expert\tests\apiautomation.robot">
<kw name="Conectar a minha API" library="kws_apiautomation" type="SETUP">
<kw name="Create Session" library="RequestsLibrary">
<arg>fakeAPI</arg>
<arg>${BASE_URL}</arg>
<arg>disable_warnings=${True}</arg>
<doc>Create Session: create a HTTP session to a server</doc>
<msg timestamp="20210620 22:20:59.086" level="INFO">Creating Session using : alias=fakeAPI, url=https://fakerestapi.azurewebsites.net/api/v1, headers={},                     cookies={}, auth=None, timeout=None, proxies=None, verify=False,                     debug=0 </msg>
<status status="PASS" starttime="20210620 22:20:59.085" endtime="20210620 22:20:59.086"/>
</kw>
<kw name="Create Dictionary" library="BuiltIn">
<var>${HEADERS}</var>
<arg>content-type=application/json</arg>
<doc>Creates and returns a dictionary based on the given ``items``.</doc>
<msg timestamp="20210620 22:20:59.087" level="INFO">${HEADERS} = {'content-type': 'application/json'}</msg>
<status status="PASS" starttime="20210620 22:20:59.086" endtime="20210620 22:20:59.087"/>
</kw>
<kw name="Set Suite Variable" library="BuiltIn">
<arg>${HEADERS}</arg>
<doc>Makes a variable available everywhere within the scope of the current suite.</doc>
<msg timestamp="20210620 22:20:59.087" level="INFO">${HEADERS} = {'content-type': 'application/json'}</msg>
<status status="PASS" starttime="20210620 22:20:59.087" endtime="20210620 22:20:59.087"/>
</kw>
<status status="PASS" starttime="20210620 22:20:59.085" endtime="20210620 22:20:59.087"/>
</kw>
<test id="s1-t1" name="Cenario: Buscar a listagem de todos os livros (GET em todos os livros)">
<kw name="Requisitar todos os livros" library="kws_apiautomation">
<kw name="Get On Session" library="RequestsLibrary">
<var>${RESPOSTA}</var>
<arg>fakeAPI</arg>
<arg>Books</arg>
<arg>expected_status=any</arg>
<doc>Sends a GET request on a previously created HTTP Session.</doc>
<msg timestamp="20210620 22:21:01.328" level="INFO">GET Request : url=https://fakerestapi.azurewebsites.net/api/v1/Books 
 path_url=/api/v1/Books 
 headers={'User-Agent': 'python-requests/2.25.1', 'Accept-Encoding': 'gzip, deflate', 'Accept': '*/*', 'Connection': 'keep-alive'} 
 body=None 
 </msg>
<msg timestamp="20210620 22:21:01.330" level="INFO">GET Response : url=https://fakerestapi.azurewebsites.net/api/v1/Books 
 status=200, reason=OK 
 headers={'Transfer-Encoding': 'chunked', 'Content-Type': 'application/json; charset=utf-8; v=1.0', 'Server': 'Kestrel', 'api-supported-versions': '1.0', 'Date': 'Mon, 21 Jun 2021 01:20:58 GMT'} 
 body=[{"id":1,"title":"Book 1","description":"Vero ut feugait dolore et ad. Dolores gubergren consequat accusam sed kasd option ex diam adipiscing sea sea consetetur te delenit. Ipsum ut nonumy facilisi vero labore est lorem diam dolores facilisi feugiat possim dolore tempor ipsum gubergren. Rebum amet vero ut voluptua sit et vero eirmod invidunt augue autem no nibh. Ex est elitr cum est clita vero lorem sit et no stet kasd dolor et. Et in dolores quod sed lorem augue tempor ipsum feugait ipsum stet sed ea. Consequat feugiat no aliquyam takimata ipsum clita vel no lorem lorem duis feugiat accusam at takimata. Elitr sit facilisis quod nonumy. Labore eum no gubergren diam. Ipsum takimata et. Sit sit diam sea suscipit labore. Erat diam duis sadipscing diam vero et vel lorem eum dolor est. Clita tincidunt labore te est suscipit possim sanctus consectetuer duo duo luptatum justo diam vero clita. Amet et et aliquyam eos autem accusam dolore at esse et at takimata sanctus facilisis et magna sit. Dolor nulla lorem sea et eu elitr ea voluptua no duo justo consetetur no erat kasd labore ipsum. Sadipscing eum eum ipsum nonumy et nisl labore magna augue dolor. Stet accusam et eos diam.\n","pageCount":100,"excerpt":"Ea stet elitr. Diam kasd dolore nulla enim in dolor rebum te dolores eos. At ipsum ut mazim dolor lorem vulputate sea et consequat magna assum erat magna. Dolor option hendrerit lorem lobortis duis voluptua diam et duis delenit nibh. Duo laoreet justo justo sit et voluptua sed. Magna clita lorem amet amet labore sit sea sed nonumy praesent euismod. Vulputate dolor dolor elitr dolor diam aliquip ut nonumy et. Dignissim adipiscing elitr labore placerat clita rebum sanctus in. Magna et ut velit delenit molestie autem erat diam duis. Ipsum laoreet ut ut duo veniam. Tempor dolore dolor sadipscing et sit elitr te. Eirmod takimata est in ut sit invidunt sed dolore sit justo dolore. Id nulla vel dolor exerci esse sit diam tempor elitr duis sed takimata sea iriure. Dolore duo dolore tempor ea veniam dignissim sit. Dolore ipsum magna at aliquyam stet cum erat diam autem amet. Dolore esse et takimata in invidunt magna sit no lorem takimata aliquam amet dolor delenit. Dolores diam eirmod aliquam at eum sed dolor quod at et.\nDolore consequat magna stet et sea ipsum lobortis ea ut labore voluptua dolor ipsum veniam consetetur ut lorem velit. Et sit justo sit. Molestie tempor amet sit eu at sit sadipscing diam labore et diam duo accusam nulla. Sed tempor nihil molestie justo amet rebum laoreet dolore ut. Invidunt kasd lorem nulla magna eleifend cum ullamcorper. Ea eum illum cum duis augue soluta ut at nibh nostrud dolores eos magna sed tincidunt esse. Invidunt eirmod illum sanctus iusto velit. Et diam iusto facilisi gubergren vero invidunt dolor takimata ullamcorper amet et dolore vero. Hendrerit ut rebum labore diam elitr aliquip. Sed clita ea et sed amet elitr et zzril ipsum erat. Diam dolores sed consetetur et tempor duis consetetur eum accusam sit diam dolore clita. Lorem lorem et gubergren accusam esse ea ea magna invidunt gubergren dolor amet zzril sanctus. Sed ut exerci amet delenit eos justo dolores sea eos et ut dolores amet.\nEt dolor delenit. Justo erat sed est nonummy. No amet stet et amet eos nonumy sanctus invidunt dolor autem ipsum dolores aliquam duo gubergren vel. Aliquyam voluptua et dolores adipiscing odio ut invidunt in nobis sed laoreet ullamcorper consequat accusam eos diam. Nonumy hendrerit exerci amet rebum sea sed sed. Diam at sed ipsum suscipit sed elitr no dolore ipsum tincidunt elitr ipsum duis eirmod dolor ea delenit justo. Stet magna kasd.\nNibh lorem et sanctus velit nonumy sadipscing lorem. Accumsan ut ea sed dolor et et takimata esse duo volutpat aliquyam et aliquyam accusam lorem vero eros magna. At esse at suscipit nonumy gubergren quis et erat duo accusam sit facer clita et et. Consetetur gubergren ullamcorper ut diam dolor laoreet et duis clita takimata assum sanctus vel. At dolore dolore sed consectetuer nostrud tempor eos sea amet. Clita dolor sea takimata elitr ut gubergren lorem. Hendrerit dolores eos lorem invidunt quod vulputate ipsum amet sit dolore sadipscing nulla molestie odio accusam blandit labore. Dolor tempor sit et.\nInvidunt magna nisl amet eirmod labore. Diam at vero takimata at voluptua tempor aliquyam praesent nonumy sed amet kasd. Tincidunt erat labore sit sadipscing. Diam amet volutpat ut rebum ipsum. Ipsum suscipit stet dolor. Est kasd eu rebum soluta.\n","publishDate":"2021-06-20T01:20:58.5471775+00:00"},{"id":2,"title":"Book 2","description":"Enim dignissim in nonumy kasd. Quis ipsum labore kasd consetetur eos et vel aliquyam ipsum amet takimata amet sed gubergren hendrerit. Sadipscing eos tempor sadipscing ea stet vel gubergren takimata et lorem sit sea vero no eirmod lorem nulla. Ea eos nonumy et in dolor et. Nibh aliquyam placerat aliquyam stet. Diam eos placerat gubergren clita feugait at mazim invidunt labore aliquyam gubergren. Stet duo erat minim sed in consectetuer sanctus rebum dolores dolore kasd est erat. Justo iriure dolores erat duo diam sanctus facilisi exerci diam. Diam consectetuer dignissim liber clita minim ut sed lorem sed tempor voluptua. Sit et at ipsum sed eos ut justo justo ex takimata erat et erat sea doming sea. Et eum erat est ea ut sea feugiat kasd labore duis lorem quis suscipit gubergren facilisis accumsan. Accusam luptatum ea dolore et justo. Invidunt accusam magna no. Clita dolores lobortis sed sit lorem takimata voluptua lorem ea elitr justo ut.\n","pageCount":200,"excerpt":"Diam commodo elitr. Stet justo dolores ut aliquyam justo facilisis eirmod. No invidunt justo tempor at nibh diam nonumy dignissim et justo et dolore option dolore gubergren. Lorem sed accusam ipsum sed. Dolores ea et tempor diam zzril diam sit accusam nam dolore rebum ut lorem duo et. Placerat tempor lorem nonumy lorem sanctus sed facilisi. Labore in autem lorem et dolor at accumsan ullamcorper diam. Diam enim justo et. Sed sanctus wisi dolore kasd et labore velit velit duo. Sit rebum dolore dolores ipsum ipsum sanctus sea facer sit et et no tempor erat exerci. Sit sit assum duo facilisis dolor sed. Vel diam dolore sit et ea vero sed in elitr voluptua amet iriure eum molestie. Blandit consequat blandit sed suscipit et illum vel lorem at amet feugait invidunt kasd est sed ipsum sed ipsum. Gubergren esse et hendrerit invidunt elitr diam vero ut et ut sed invidunt ea diam ut accusam sit. Sit dolore feugiat. Ipsum dolor iusto sit dolore no nostrud nihil diam et aliquam. Amet at erat ipsum dignissim takimata accusam adipiscing stet sanctus iriure nonumy lorem justo.\nIpsum dolor erat justo. Ut eirmod aliquip ea laoreet ea volutpat lorem dolor dolore at suscipit diam. Dolor eum sed. Duis amet sanctus lorem aliquyam accusam no eu sit dolor eirmod stet doming. Diam ea illum suscipit et consequat duo sanctus sadipscing wisi sed dolore. Qui labore ea et labore et eirmod sit amet zzril dolor consetetur dolores ipsum. Ipsum vero no elitr placerat dignissim dolor dolores at accumsan sadipscing sed amet sit. Facilisis diam dolor labore sadipscing magna. Zzril erat et suscipit consequat zzril enim zzril sed amet amet ut duo sed accusam gubergren ut dolor. Consequat accusam sit sed at stet. No clita aliquyam duo sed no. Nonumy eos et sit ut et tempor mazim sadipscing elit dolor amet dolores veniam dolor. Id nonumy consetetur eum eleifend no consequat eirmod amet sit aliquyam augue duis amet justo iusto sed gubergren est. Kasd dolor in et et sed amet sea vulputate sed amet et sadipscing quod ut quod. Stet gubergren nonumy consetetur lorem eos takimata voluptua.\nSadipscing accusam amet takimata et erat dolores dolore dolor nonumy vero accusam no dolore mazim in labore eu. Veniam eos no et enim erat et est nonumy ipsum ipsum. Tation takimata sed sed et consetetur. Lorem duo duo aliquip nam luptatum erat dolor. Dolores in dolore sit gubergren tempor amet sed dolor. Elitr et eirmod sit ut ut accumsan magna est at esse et vulputate praesent wisi sed. Takimata et magna sanctus autem clita tempor ipsum. Justo accusam ipsum takimata augue duis nonumy ipsum adipiscing diam. Ut dolore rebum sed eos sanctus accusam justo facilisis sea. No justo sanctus ea tempor veniam vero velit amet vulputate et lorem ea quod labore. Aliquyam consetetur clita. Stet sit nibh no. Velit et vero sadipscing nostrud lorem consetetur magna accusam nam et vel facilisi. Justo takimata elitr sed dolore nonumy elitr duo placerat commodo magna ea. Eos ut stet gubergren voluptua est et. Est amet tempor tempor. Ea duis et sea ut justo liber eu takimata sanctus magna vero justo possim. Dolor dignissim iusto ut.\nClita voluptua aliquyam nonumy dolor sadipscing eros rebum delenit duo sanctus accusam sanctus rebum. Amet illum magna odio at et sed velit nulla dolor blandit accusam nisl et laoreet. Aliquyam sanctus lorem amet vero sed dolor ipsum et ut sit takimata consetetur ut id feugiat sadipscing. Justo lorem eos dignissim erat erat at rebum diam sed augue dolore est lorem magna ullamcorper invidunt sit. Erat commodo kasd lorem sea nobis augue sed vero consetetur.\nDiam iriure eirmod adipiscing eros magna consequat ex sed veniam. Dolore sed hendrerit iriure amet dolores. Sit amet et accusam ad dolore rebum stet elitr ea. Et clita labore aliquyam dolores consequat iusto. Lorem lorem feugiat sea vero clita eirmod takimata justo congue sit accusam. Sit enim congue. Justo clita amet quis illum. Duo labore diam clita consetetur dolore ut no.\n","publishDate":"2021-06-19T01:20:58.5473605+00:00"},{"id":3,"title":"Book 3","description":"Ut diam clita sed kasd invidunt tempor magna clita feugait delenit. Aliquip dignissim diam amet. Vero duis labore sanctus. Facilisis in dolores feugiat eos te voluptua takimata dolor rebum et invidunt sadipscing takimata ipsum. Ipsum ipsum dolore ad rebum duis et takimata elitr sed voluptua suscipit est lobortis. In te nisl nisl iusto diam ea clita. Dolor dolore elitr. Ipsum labore sea dolores ut. D... (set the log level to DEBUG or TRACE to see the full content) 
 </msg>
<msg timestamp="20210620 22:21:01.330" level="INFO">${RESPOSTA} = &lt;Response [200]&gt;</msg>
<status status="PASS" starttime="20210620 22:20:59.088" endtime="20210620 22:21:01.330"/>
</kw>
<kw name="Log" library="BuiltIn">
<arg>${RESPOSTA.text}</arg>
<doc>Logs the given message with the given level.</doc>
<msg timestamp="20210620 22:21:01.338" level="INFO">[{"id":1,"title":"Book 1","description":"Vero ut feugait dolore et ad. Dolores gubergren consequat accusam sed kasd option ex diam adipiscing sea sea consetetur te delenit. Ipsum ut nonumy facilisi vero labore est lorem diam dolores facilisi feugiat possim dolore tempor ipsum gubergren. Rebum amet vero ut voluptua sit et vero eirmod invidunt augue autem no nibh. Ex est elitr cum est clita vero lorem sit et no stet kasd dolor et. Et in dolores quod sed lorem augue tempor ipsum feugait ipsum stet sed ea. Consequat feugiat no aliquyam takimata ipsum clita vel no lorem lorem duis feugiat accusam at takimata. Elitr sit facilisis quod nonumy. Labore eum no gubergren diam. Ipsum takimata et. Sit sit diam sea suscipit labore. Erat diam duis sadipscing diam vero et vel lorem eum dolor est. Clita tincidunt labore te est suscipit possim sanctus consectetuer duo duo luptatum justo diam vero clita. Amet et et aliquyam eos autem accusam dolore at esse et at takimata sanctus facilisis et magna sit. Dolor nulla lorem sea et eu elitr ea voluptua no duo justo consetetur no erat kasd labore ipsum. Sadipscing eum eum ipsum nonumy et nisl labore magna augue dolor. Stet accusam et eos diam.\n","pageCount":100,"excerpt":"Ea stet elitr. Diam kasd dolore nulla enim in dolor rebum te dolores eos. At ipsum ut mazim dolor lorem vulputate sea et consequat magna assum erat magna. Dolor option hendrerit lorem lobortis duis voluptua diam et duis delenit nibh. Duo laoreet justo justo sit et voluptua sed. Magna clita lorem amet amet labore sit sea sed nonumy praesent euismod. Vulputate dolor dolor elitr dolor diam aliquip ut nonumy et. Dignissim adipiscing elitr labore placerat clita rebum sanctus in. Magna et ut velit delenit molestie autem erat diam duis. Ipsum laoreet ut ut duo veniam. Tempor dolore dolor sadipscing et sit elitr te. Eirmod takimata est in ut sit invidunt sed dolore sit justo dolore. Id nulla vel dolor exerci esse sit diam tempor elitr duis sed takimata sea iriure. Dolore duo dolore tempor ea veniam dignissim sit. Dolore ipsum magna at aliquyam stet cum erat diam autem amet. Dolore esse et takimata in invidunt magna sit no lorem takimata aliquam amet dolor delenit. Dolores diam eirmod aliquam at eum sed dolor quod at et.\nDolore consequat magna stet et sea ipsum lobortis ea ut labore voluptua dolor ipsum veniam consetetur ut lorem velit. Et sit justo sit. Molestie tempor amet sit eu at sit sadipscing diam labore et diam duo accusam nulla. Sed tempor nihil molestie justo amet rebum laoreet dolore ut. Invidunt kasd lorem nulla magna eleifend cum ullamcorper. Ea eum illum cum duis augue soluta ut at nibh nostrud dolores eos magna sed tincidunt esse. Invidunt eirmod illum sanctus iusto velit. Et diam iusto facilisi gubergren vero invidunt dolor takimata ullamcorper amet et dolore vero. Hendrerit ut rebum labore diam elitr aliquip. Sed clita ea et sed amet elitr et zzril ipsum erat. Diam dolores sed consetetur et tempor duis consetetur eum accusam sit diam dolore clita. Lorem lorem et gubergren accusam esse ea ea magna invidunt gubergren dolor amet zzril sanctus. Sed ut exerci amet delenit eos justo dolores sea eos et ut dolores amet.\nEt dolor delenit. Justo erat sed est nonummy. No amet stet et amet eos nonumy sanctus invidunt dolor autem ipsum dolores aliquam duo gubergren vel. Aliquyam voluptua et dolores adipiscing odio ut invidunt in nobis sed laoreet ullamcorper consequat accusam eos diam. Nonumy hendrerit exerci amet rebum sea sed sed. Diam at sed ipsum suscipit sed elitr no dolore ipsum tincidunt elitr ipsum duis eirmod dolor ea delenit justo. Stet magna kasd.\nNibh lorem et sanctus velit nonumy sadipscing lorem. Accumsan ut ea sed dolor et et takimata esse duo volutpat aliquyam et aliquyam accusam lorem vero eros magna. At esse at suscipit nonumy gubergren quis et erat duo accusam sit facer clita et et. Consetetur gubergren ullamcorper ut diam dolor laoreet et duis clita takimata assum sanctus vel. At dolore dolore sed consectetuer nostrud tempor eos sea amet. Clita dolor sea takimata elitr ut gubergren lorem. Hendrerit dolores eos lorem invidunt quod vulputate ipsum amet sit dolore sadipscing nulla molestie odio accusam blandit labore. Dolor tempor sit et.\nInvidunt magna nisl amet eirmod labore. Diam at vero takimata at voluptua tempor aliquyam praesent nonumy sed amet kasd. Tincidunt erat labore sit sadipscing. Diam amet volutpat ut rebum ipsum. Ipsum suscipit stet dolor. Est kasd eu rebum soluta.\n","publishDate":"2021-06-20T01:20:58.5471775+00:00"},{"id":2,"title":"Book 2","description":"Enim dignissim in nonumy kasd. Quis ipsum labore kasd consetetur eos et vel aliquyam ipsum amet takimata amet sed gubergren hendrerit. Sadipscing eos tempor sadipscing ea stet vel gubergren takimata et lorem sit sea vero no eirmod lorem nulla. Ea eos nonumy et in dolor et. Nibh aliquyam placerat aliquyam stet. Diam eos placerat gubergren clita feugait at mazim invidunt labore aliquyam gubergren. Stet duo erat minim sed in consectetuer sanctus rebum dolores dolore kasd est erat. Justo iriure dolores erat duo diam sanctus facilisi exerci diam. Diam consectetuer dignissim liber clita minim ut sed lorem sed tempor voluptua. Sit et at ipsum sed eos ut justo justo ex takimata erat et erat sea doming sea. Et eum erat est ea ut sea feugiat kasd labore duis lorem quis suscipit gubergren facilisis accumsan. Accusam luptatum ea dolore et justo. Invidunt accusam magna no. Clita dolores lobortis sed sit lorem takimata voluptua lorem ea elitr justo ut.\n","pageCount":200,"excerpt":"Diam commodo elitr. Stet justo dolores ut aliquyam justo facilisis eirmod. No invidunt justo tempor at nibh diam nonumy dignissim et justo et dolore option dolore gubergren. Lorem sed accusam ipsum sed. Dolores ea et tempor diam zzril diam sit accusam nam dolore rebum ut lorem duo et. Placerat tempor lorem nonumy lorem sanctus sed facilisi. Labore in autem lorem et dolor at accumsan ullamcorper diam. Diam enim justo et. Sed sanctus wisi dolore kasd et labore velit velit duo. Sit rebum dolore dolores ipsum ipsum sanctus sea facer sit et et no tempor erat exerci. Sit sit assum duo facilisis dolor sed. Vel diam dolore sit et ea vero sed in elitr voluptua amet iriure eum molestie. Blandit consequat blandit sed suscipit et illum vel lorem at amet feugait invidunt kasd est sed ipsum sed ipsum. Gubergren esse et hendrerit invidunt elitr diam vero ut et ut sed invidunt ea diam ut accusam sit. Sit dolore feugiat. Ipsum dolor iusto sit dolore no nostrud nihil diam et aliquam. Amet at erat ipsum dignissim takimata accusam adipiscing stet sanctus iriure nonumy lorem justo.\nIpsum dolor erat justo. Ut eirmod aliquip ea laoreet ea volutpat lorem dolor dolore at suscipit diam. Dolor eum sed. Duis amet sanctus lorem aliquyam accusam no eu sit dolor eirmod stet doming. Diam ea illum suscipit et consequat duo sanctus sadipscing wisi sed dolore. Qui labore ea et labore et eirmod sit amet zzril dolor consetetur dolores ipsum. Ipsum vero no elitr placerat dignissim dolor dolores at accumsan sadipscing sed amet sit. Facilisis diam dolor labore sadipscing magna. Zzril erat et suscipit consequat zzril enim zzril sed amet amet ut duo sed accusam gubergren ut dolor. Consequat accusam sit sed at stet. No clita aliquyam duo sed no. Nonumy eos et sit ut et tempor mazim sadipscing elit dolor amet dolores veniam dolor. Id nonumy consetetur eum eleifend no consequat eirmod amet sit aliquyam augue duis amet justo iusto sed gubergren est. Kasd dolor in et et sed amet sea vulputate sed amet et sadipscing quod ut quod. Stet gubergren nonumy consetetur lorem eos takimata voluptua.\nSadipscing accusam amet takimata et erat dolores dolore dolor nonumy vero accusam no dolore mazim in labore eu. Veniam eos no et enim erat et est nonumy ipsum ipsum. Tation takimata sed sed et consetetur. Lorem duo duo aliquip nam luptatum erat dolor. Dolores in dolore sit gubergren tempor amet sed dolor. Elitr et eirmod sit ut ut accumsan magna est at esse et vulputate praesent wisi sed. Takimata et magna sanctus autem clita tempor ipsum. Justo accusam ipsum takimata augue duis nonumy ipsum adipiscing diam. Ut dolore rebum sed eos sanctus accusam justo facilisis sea. No justo sanctus ea tempor veniam vero velit amet vulputate et lorem ea quod labore. Aliquyam consetetur clita. Stet sit nibh no. Velit et vero sadipscing nostrud lorem consetetur magna accusam nam et vel facilisi. Justo takimata elitr sed dolore nonumy elitr duo placerat commodo magna ea. Eos ut stet gubergren voluptua est et. Est amet tempor tempor. Ea duis et sea ut justo liber eu takimata sanctus magna vero justo possim. Dolor dignissim iusto ut.\nClita voluptua aliquyam nonumy dolor sadipscing eros rebum delenit duo sanctus accusam sanctus rebum. Amet illum magna odio at et sed velit nulla dolor blandit accusam nisl et laoreet. Aliquyam sanctus lorem amet vero sed dolor ipsum et ut sit takimata consetetur ut id feugiat sadipscing. Justo lorem eos dignissim erat erat at rebum diam sed augue dolore est lorem magna ullamcorper invidunt sit. Erat commodo kasd lorem sea nobis augue sed vero consetetur.\nDiam iriure eirmod adipiscing eros magna consequat ex sed veniam. Dolore sed hendrerit iriure amet dolores. Sit amet et accusam ad dolore rebum stet elitr ea. Et clita labore aliquyam dolores consequat iusto. Lorem lorem feugiat sea vero clita eirmod takimata justo congue sit accusam. Sit enim congue. Justo clita amet quis illum. Duo labore diam clita consetetur dolore ut no.\n","publishDate":"2021-06-19T01:20:58.5473605+00:00"},{"id":3,"title":"Book 3","description":"Ut diam clita sed kasd invidunt tempor magna clita feugait delenit. Aliquip dignissim diam amet. Vero duis labore sanctus. Facilisis in dolores feugiat eos te voluptua takimata dolor rebum et invidunt sadipscing takimata ipsum. Ipsum ipsum dolore ad rebum duis et takimata elitr sed voluptua suscipit est lobortis. In te nisl nisl iusto diam ea clita. Dolor dolore elitr. Ipsum labore sea dolores ut. Dolores duo justo nulla ea invidunt ut rebum vero est lobortis amet nostrud dolore duo sanctus aliquyam consectetuer sed. Diam kasd dolores diam molestie odio. Et et invidunt vel rebum ad vero erat magna sed stet justo sadipscing facer luptatum sit sit. Diam gubergren facilisis ea consequat et lorem amet vel vero diam ullamcorper aliquip nulla lobortis ut iriure lorem gubergren. Diam dolores diam no ipsum diam stet molestie facilisis ea ea sea esse nulla amet no erat et. Aliquam invidunt duo in dolor justo est.\n","pageCount":300,"excerpt":"Ad diam te. Et sanctus ipsum facer et et erat est kasd vero takimata amet takimata eirmod eum ut justo sed. At eos sit magna dignissim eirmod sit adipiscing. Ex justo rebum euismod sit diam amet illum vero duo sadipscing aliquyam enim duo lorem eu minim sea.\nEt ipsum kasd ut dolor ipsum dolor ea mazim nonumy nonumy. Option consetetur sea eum amet at vero duo eirmod kasd diam justo eos dignissim ut voluptua sanctus ut sit. Diam iriure facilisis dolore dolor sed sit ut eirmod justo invidunt diam et. Amet est ea zzril dolores et justo diam ut dolor lorem ut sed dolor sed. Vel aliquyam diam nonummy. Nonummy exerci elitr ad consetetur nonumy eos nonumy diam in vel tempor dolor voluptua eirmod sadipscing facilisi. Illum facilisi takimata sed illum autem. Aliquyam erat consectetuer aliquyam nobis dignissim sanctus dolores nulla lorem takimata tempor ut assum consequat. Vulputate labore at no nulla consetetur aliquam eos sanctus elitr sed tation et sit eirmod eirmod. Sea consequat vulputate takimata magna justo sed erat feugait esse erat gubergren gubergren dolore ut. Dolor diam zzril veniam. Dolores amet gubergren magna eirmod gubergren lorem adipiscing invidunt ipsum sadipscing ut ipsum sed et et blandit. Aliquyam tempor magna diam invidunt invidunt lorem blandit kasd elitr.\nLobortis accusam ipsum amet nihil at ipsum nulla veniam erat nibh labore accusam ea et dolore erat. Takimata id esse lorem clita tempor vulputate ipsum. Aliquyam nulla accusam et et vel lorem stet sanctus illum sadipscing sed justo magna suscipit sanctus labore adipiscing. Amet sea kasd dolor sed eum sanctus ipsum ipsum et ipsum assum amet enim accusam sadipscing dolore voluptua at. Dolor labore ea kasd sit et ut eirmod diam amet amet ea aliquyam ipsum gubergren. Kasd dolor adipiscing rebum magna gubergren. Duo praesent et elitr. Vero dolor duo ut dolor feugiat exerci wisi dolore suscipit sea sadipscing dignissim tempor clita euismod lorem. Voluptua facilisi dolore justo sanctus et magna. Dolor ut dolore est eum nonummy eos. Vero ipsum duo ut nulla eos. Duo aliquip eirmod amet feugiat dolore stet rebum invidunt ut elitr ea vel consetetur tempor. Enim diam dolor at invidunt voluptua nulla est ipsum et. Tation erat no et ut. Ea at dolor dolore at consectetuer. Sanctus ut dolores lorem nonumy hendrerit kasd invidunt minim labore accusam et.\nEirmod dolores et wisi kasd lorem nisl et labore amet elitr molestie gubergren. At congue et lorem justo molestie nostrud. Clita dolor sit et amet et at clita eos lorem dolore vero. Rebum et esse sed kasd delenit dolor. Cum dignissim rebum et amet invidunt. No et et lorem est nonumy adipiscing consectetuer accusam nonumy amet amet eirmod stet dolore eu dolore dolor kasd. Vero sed accusam dolor aliquam sanctus commodo lorem nonumy erat sit ipsum rebum facilisis praesent sadipscing. Veniam gubergren eirmod rebum aliquyam facilisis dolore feugiat sanctus et vero. Accusam dolor adipiscing kasd tempor vel accusam et clita nulla vero ad. Ullamcorper dolor sed aliquyam tempor. Magna magna voluptua diam justo at exerci sadipscing ipsum eirmod ipsum no amet esse. Sed hendrerit nisl et suscipit esse elitr et lorem dolor vel eirmod dolor elitr ut kasd. Amet dolore lorem duis dolore diam dolor justo takimata takimata et blandit ea sit.\nConsetetur ipsum ut eirmod sed. Sed vel vero diam volutpat kasd et amet eirmod lorem aliquyam labore kasd sed sanctus diam. Duis laoreet kasd dolor sadipscing kasd et eirmod takimata placerat justo dolore invidunt erat sed vulputate. Option ipsum invidunt tempor elitr ipsum magna et sanctus facilisis ipsum eos sed amet consectetuer voluptua dolore consectetuer eos. Dolores magna facilisis accusam et vel elit justo. Laoreet est invidunt stet kasd. Dolore eros diam augue eum accusam sed stet sed dolores dolor labore autem et sit et et clita sed. Sea nibh ut luptatum euismod. No lorem magna elit diam vel sed clita sanctus. Sadipscing gubergren invidunt doming eirmod. Sea tempor in sadipscing et at justo ea mazim accumsan vel et nulla labore tempor. Id labore sea ea takimata accusam suscipit sed nam et sadipscing sadipscing adipiscing ut consequat aliquam et volutpat. Aliquyam sed clita molestie vulputate no et rebum dolore dolor. Dignissim nonumy clita et accumsan consetetur et dolor et tincidunt ipsum tempor eirmod sed aliquam. Justo dolor nisl eos. No ea clita clita no est erat erat labore iusto amet ipsum tincidunt wisi est magna. Dolor et lorem vero. No diam dolores nonummy erat kasd eirmod erat id invidunt amet magna luptatum dolore at nostrud.\n","publishDate":"2021-06-18T01:20:58.5475685+00:00"},{"id":4,"title":"Book 4","description":"Velit duo sed erat eirmod at voluptua adipiscing dolore eleifend diam consequat aliquyam sed. Ea rebum sed gubergren justo nulla dolor kasd dolore vero invidunt at exerci tempor voluptua et dolor duo tation. Erat dolor sea no sed justo vero ut accusam facilisis clita est sed sanctus sed. Et stet ea exerci liber accusam suscipit justo eum ut amet duis vero tempor dolor.\n","pageCount":400,"excerpt":"Elitr praesent eirmod voluptua wisi consectetuer dolores et diam rebum luptatum. Sea eirmod ut justo sit sed zzril ullamcorper iriure iriure et quis et. Sit est no sed et justo eirmod. Autem ipsum vulputate facilisi duo no amet.\nConsequat takimata magna dolores tempor amet te praesent dolor et sea lorem labore dolor ipsum takimata augue feugiat ipsum. Aliquyam ipsum feugait nulla nonumy te clita rebum sadipscing amet lorem labore takimata iusto at voluptua ipsum et. Dolor takimata et consequat voluptua magna possim minim et placerat sit erat. In dolore voluptua augue ut erat euismod elitr velit mazim ea labore. Autem eu amet elitr praesent sadipscing magna erat tempor ut sanctus. Blandit dolore vero. Ipsum dolores invidunt et stet elitr sadipscing dolores nulla no.\nDolor illum sit iusto gubergren magna in kasd tempor iriure sit eos et sit gubergren dolore et dolore diam. Ea et dolore aliquyam delenit clita id magna imperdiet et kasd. At illum eu sed minim. Et sed eos duo euismod est sit et nulla. Kasd ut diam in velit est delenit sed eos in eirmod stet consequat consetetur. Sit dignissim sea labore vero. Labore sit justo duis lorem feugiat. Voluptua consetetur lorem ipsum stet.\nEt ipsum in sea. Sit no molestie sit dolor at ut suscipit sit gubergren sed sed vero dignissim vero diam elitr vero. Ea et dolore eos assum diam. Quod amet nostrud ipsum no ipsum enim justo et et vulputate rebum no no lobortis. Qui lorem volutpat minim vel sit duo eirmod. Eros magna magna dolor diam nam clita ex est dolor dolore vulputate aliquyam commodo et no ipsum dolores. Dolor quis lorem sadipscing dolor sit dolore sit volutpat consequat suscipit rebum sed est.\nVel sadipscing voluptua consequat suscipit eirmod id stet duo elitr sea facilisi voluptua rebum duis et facilisis. Sanctus duis dolore sit tempor iusto. Voluptua consectetuer iusto sea. Eirmod est sed tempor laoreet sed amet erat invidunt est suscipit diam ipsum elitr. Invidunt consequat clita dolor kasd dolores vero stet accusam nobis praesent facilisis eros magna voluptua et eirmod adipiscing. Nostrud ex sit sit elitr duo sed dolor ullamcorper duo sed. Rebum lorem aliquyam cum nulla duis dolores. Duo ut rebum et consectetuer diam aliquyam dolor dolores. Magna duis aliquyam. Iriure stet eum clita invidunt at accumsan amet dolor erat accusam luptatum dignissim tempor in sadipscing.\n","publishDate":"2021-06-17T01:20:58.5476768+00:00"},{"id":5,"title":"Book 5","description":"Lorem sed et sit dolore accusam kasd labore vulputate dolore. Diam lorem sed clita at zzril lorem. Feugait nibh volutpat sed clita ipsum possim euismod sadipscing sed dolor laoreet consetetur lorem clita vero lorem. Accusam facilisis lorem justo dolore no justo eos facilisis et facilisis. Gubergren dolore lorem eleifend elitr magna lorem amet. Sit amet accusam est at. Diam feugait at amet eirmod est magna iusto est ea ea nonumy eos amet stet ad wisi lorem. Elitr duo stet ut rebum duo labore eirmod vero duis lorem sit eirmod. Erat rebum eos dolore takimata dolore nulla. Duis diam ullamcorper dolor.\n","pageCount":500,"excerpt":"Stet tincidunt magna elitr ea molestie sed vero duo sadipscing. Aliquip est voluptua sadipscing no tempor in takimata quod ipsum. Eum ipsum accusam consetetur adipiscing est dolores labore kasd elitr justo sea est labore vero sadipscing est. Aliquip takimata hendrerit gubergren consetetur nulla elitr hendrerit clita ipsum. Hendrerit no erat ut sea dolor. Sed sed dolor tempor congue sit voluptua duo.\nErat facilisis voluptua possim sanctus dolor dolores est vero dolor hendrerit ipsum sit et quis ea. Velit lorem sed ex congue et laoreet. Nonumy justo iriure consetetur.\nAt lorem rebum veniam nonumy dolore invidunt erat et kasd et et diam consetetur sit takimata accumsan. Ipsum sed sit dolor vel ut diam est adipiscing et dolore facilisis ipsum magna nulla sed rebum. Sed velit facer dolor nobis nulla sit lorem duis. Kasd labore hendrerit tempor lobortis feugait et dolor gubergren invidunt dolore clita. Ipsum elitr eirmod sed magna diam vel laoreet stet nonumy invidunt labore rebum sed kasd. Consetetur vero nulla gubergren amet ipsum consetetur et consetetur rebum takimata ea sit laoreet ipsum consetetur ea option et. Erat sed tempor stet.\nDolor ut amet ipsum sit at justo tempor vel eos nisl no takimata ut illum. Aliquyam molestie no stet. Stet dolore no consectetuer justo veniam lorem aliquyam dolore luptatum tincidunt dolores rebum tempor consetetur. In invidunt dignissim et amet tempor et ut erat commodo aliquip labore amet volutpat labore facer. Stet magna qui diam et accusam sanctus gubergren stet lobortis gubergren invidunt sit odio. Et eos sit tincidunt sadipscing et lorem ipsum sit ipsum esse. Dolor dolor no invidunt aliquyam feugiat elitr rebum lorem in clita vel ut sit aliquyam. Vero duo magna magna feugiat et et nonumy sed. Dolore sadipscing veniam quod lorem dolore dolor accusam sit dolores sadipscing sanctus kasd dignissim. Est est et vulputate sed labore autem eros takimata cum aliquyam sanctus ut amet diam eleifend aliquyam qui sanctus. Eirmod amet et vel wisi est sadipscing et duo sea adipiscing. Qui euismod dolor at et eos ipsum elitr clita in nostrud justo et. Vero aliquyam erat vulputate volutpat lorem eros diam dolor eu lobortis. Diam kasd sit iriure labore dolor ipsum dolor in sea enim. Erat nonummy kasd in duo ex in et takimata amet. Amet sed ipsum dolores eos et sit erat kasd sit tempor aliquip ea nostrud tincidunt ut dolore. Ipsum tempor ut justo gubergren consetetur et dolor eos lorem. Accumsan diam sed gubergren ipsum nibh lorem dolore et stet ea ea eros et assum. Eu sed odio dolor duo sea clita sanctus stet.\nDolores nonumy nobis eu nihil accusam elitr te voluptua dolore ullamcorper. Lorem suscipit dolore stet dolore sea no vero possim et amet dolor aliquyam consetetur autem sanctus. Hendrerit sea kasd et lorem dolor labore lorem volutpat vero sea ipsum ipsum vero praesent consetetur diam. Justo ea invidunt ut dolor commodo ipsum eirmod ipsum et amet sea nulla rebum et est liber. Wisi magna clita amet. Kasd adipiscing zzril qui stet velit ut magna. Autem facilisi vero dolor justo est labore dolor nam sanctus et elit labore illum et est nulla lorem et. Consetetur imperdiet et dolor sit ipsum magna delenit vulputate takimata dolor sit nisl duis voluptua magna. Eu sea dolore sadipscing dolore rebum nisl aliquam magna et magna no ut. Dolores ipsum gubergren dolor quis et ea elitr vero sanctus suscipit eu. Gubergren eirmod amet ea vel laoreet sed sanctus exerci iriure ipsum erat et sea lobortis.\n","publishDate":"2021-06-16T01:20:58.5478247+00:00"},{"id":6,"title":"Book 6","description":"Eos autem adipiscing accumsan nonumy facilisis labore et eros et vero dolor dolor duis erat. Nibh elitr zzril augue sadipscing. Ipsum doming sea est assum lobortis takimata kasd voluptua voluptua.\n","pageCount":600,"excerpt":"Aliquyam dolores elit nulla voluptua aliquyam sanctus adipiscing nibh blandit veniam sadipscing dolor. Diam sit consequat ex sea minim sadipscing ipsum et ea invidunt id consequat lorem dolor consequat. Stet sit nonummy te gubergren ea sanctus magna. Molestie sed sed vero sed duis ea vero vero dolor amet. Elitr vero no diam rebum sadipscing accusam at.\nEt sed consequat sed. Dolores tincidunt amet dolores lorem dolores dolore elitr. Nam takimata et. Eirmod aliquip nulla amet vero sit dolor. Ut rebum dolore liber est ut est erat invidunt et dolor. Ipsum eum ipsum aliquyam est nonumy ut no amet sit kasd est. Et gubergren adipiscing rebum erat facilisi voluptua accusam et nonumy hendrerit. Sit elit sadipscing labore erat erat et consetetur tincidunt sit et lorem vero est labore aliquip amet sed ea. Dolor euismod sit ut et. Diam duis volutpat no at et diam volutpat diam.\nDolore at justo ea ea eum vel tation dolor aliquyam sit vero ut diam ipsum. Iusto dolore sed consetetur possim luptatum congue in sanctus eos feugiat in illum ut est et magna. Facilisis duo eirmod lorem justo. Gubergren sanctus eros dolor ea feugiat accusam sed ipsum clita sit sed gubergren gubergren est diam dolor ipsum dignissim. Clita sanctus eu lorem ipsum accusam praesent duo ipsum sea magna eirmod nihil vero accumsan no. Labore iusto ut sea vero. Takimata sit dolor ea ut nonumy sea nostrud duo. Lorem aliquyam amet stet dolore amet blandit et dolor dolores. Rebum dolores veniam nonummy et. Takimata facilisis diam labore nonumy rebum et sea diam labore consequat aliquyam et. Ea ut delenit sit amet sadipscing tation in voluptua rebum amet kasd elitr. Sea et at est stet accusam sanctus elitr sed et ipsum sit. Vero amet tempor sea sed dolores sed. Dolore gubergren magna. Accusam sadipscing at clita at eos nostrud illum odio autem ipsum vulputate eros et. Tempor et ex est duo aliquam est stet aliquam. Est nonumy duis sanctus justo nonumy diam eros duo dolore sadipscing nonumy rebum sit ut hendrerit kasd takimata ipsum.\nEt ipsum cum in ad quis clita no. Erat sadipscing accumsan euismod dolor dolore ex rebum invidunt euismod. Dolor lorem amet ad elitr et nulla luptatum nonumy no tempor kasd. Aliquyam gubergren eirmod eros ea no luptatum.\nTakimata est vulputate est voluptua. Vel nulla magna et vero sed accusam suscipit. Consequat labore ea invidunt dolor vero hendrerit aliquam dolore erat consectetuer invidunt tempor dolor at kasd. Vero at exerci labore tincidunt ut dolor iusto. Delenit eos option sanctus est hendrerit sit sit dolore duo ullamcorper amet ut eirmod esse diam tincidunt ut elitr. Accusam dolor iriure amet clita luptatum eros voluptua ipsum sit dolore at stet iriure sit ipsum clita. Dolor ipsum ut dolore sit consetetur in elitr duo diam justo ea vero ipsum ea et sit. Invidunt rebum sadipscing commodo eos iriure kasd kasd et gubergren eos. Est et liber. Invidunt gubergren ea elitr dolor gubergren dolor ut cum et diam augue sit aliquyam magna sadipscing nisl wisi. Sadipscing clita wisi sed duo. Sit sit ea erat no nonumy amet voluptua rebum elitr diam. Dolore consectetuer lorem eos molestie et eirmod eirmod aliquyam esse justo sit diam ut dolor. Vero consectetuer ut erat et ipsum et voluptua. Magna facilisi euismod amet sit dolor aliquyam invidunt in vero at sanctus. Invidunt aliquip liber lobortis.\n","publishDate":"2021-06-15T01:20:58.5479735+00:00"},{"id":7,"title":"Book 7","description":"Et tempor dolore et velit sed minim ea sit ad nonumy aliquam sanctus imperdiet volutpat consetetur diam esse. Imperdiet lorem labore vero sea amet sit clita diam invidunt et lorem autem takimata sadipscing dolores dolor et. At ad sed sed sed erat laoreet amet. Lorem ut mazim lorem dolores. Eos assum nonummy. Est diam eum molestie elitr sanctus dolor at. Vero eu sit exerci illum dolor tempor accusam rebum amet elitr tation. Aliquyam exerci eirmod et erat tation no clita ea sadipscing illum no dolore. At iriure amet duo dignissim consetetur dolor eum at sed nonumy amet in justo magna eros voluptua lorem. Enim sanctus sea ea labore et vel ipsum takimata et amet elitr accusam blandit vel. Sit amet magna lorem voluptua magna eos amet clita eirmod sed mazim vero dolores et et ullamcorper. Vel stet et. Lorem quis gubergren sit nulla sit diam. Ut clita esse. Consetetur wisi feugiat enim ea consetetur euismod consequat molestie voluptua accumsan nobis.\n","pageCount":700,"excerpt":"Sit diam ut sea. Et molestie eirmod vel kasd sit assum nobis molestie illum wisi eum in dolore consequat accusam. Aliquyam vero labore clita dolor aliquyam est nulla elitr amet dolor sadipscing vero lorem aliquam aliquip. Kasd lorem et dolor feugiat. Lorem qui commodo gubergren lorem eirmod lorem in amet. Rebum justo ut sadipscing nobis sea nam quis rebum rebum suscipit nulla praesent consetetur. Sit et et diam dolor iriure lorem sanctus et molestie facilisi lorem et. Sit diam blandit takimata sed eirmod tincidunt invidunt aliquip duis takimata. At no dolor sit rebum voluptua sit sea clita doming diam eros diam. Nonummy erat aliquam diam sed voluptua et rebum diam.\nGubergren et amet dolore ea at duis. Clita consectetuer dolor ipsum magna et tempor ea stet justo at duis ut vero augue duis vero. Elitr nonumy dolores est lorem sed nisl accusam voluptua duo ut aliquip dolor. Blandit feugiat eum erat nihil sed placerat kasd molestie eros dolore sit ipsum ut et quis. Duis consequat ipsum facilisi.\nSed amet magna eos aliquam est consetetur sea dolor dolor te. Facilisis lorem in amet accusam. Sit sea et at. Sed no consetetur soluta ullamcorper et. Rebum no erat wisi tempor sea quis. Sed vero in tempor nonummy vero eu et elitr sed. Et eos voluptua sed erat sed eirmod sed dolore erat luptatum erat elit lorem autem justo lorem nonummy ut. Ut nisl amet invidunt magna vero ipsum.\nLabore stet sed exerci sed clita sit justo nonumy justo amet. Et illum in ipsum est et sea dolor te eirmod vero sit sed amet et et hendrerit est. Ipsum exerci commodo ut sea ea sadipscing dolor nibh stet iriure vero imperdiet elitr sit elitr in sanctus dolores. Takimata duo et ipsum duo erat sanctus voluptua mazim erat nulla accusam erat magna blandit aliquam vulputate sit. Et augue sed et amet ipsum et amet nonumy. Diam dolor dolore elit sadipscing qui vero et ipsum justo ipsum vero amet aliquyam. Consetetur nihil diam eu dolor nonumy dolore invidunt tempor invidunt elitr diam et commodo et kasd. Clita euismod consetetur vel nihil at aliquyam exerci dolores duo ea nonumy et lorem duo. Illum possim consequat. Ex diam luptatum consetetur et elitr dolor eum quod consetetur vero no diam erat. Feugait sit tation vero amet dolores justo labore dolor et at mazim ut praesent.\nNonummy et amet et lorem nonumy tation amet dolores aliquip sit justo dolore. Zzril molestie nobis illum consequat nonumy eirmod id vero. Stet iriure amet lorem invidunt feugiat kasd nonummy elitr voluptua nonumy kasd ea tempor hendrerit dolores nibh stet vero. Gubergren eos amet volutpat eu zzril sea sea ipsum aliquyam sed erat sed. Volutpat dolor voluptua gubergren doming sed gubergren diam amet diam magna duo magna zzril zzril diam. Minim wisi sit feugiat erat vero suscipit duo et blandit adipiscing. Et dolor velit consetetur dolor eos et consetetur feugiat dolores amet sea amet elitr. Nulla diam ipsum dolore erat eirmod dolor labore diam. Aliquyam diam et tation et justo adipiscing.\n","publishDate":"2021-06-14T01:20:58.5481184+00:00"},{"id":8,"title":"Book 8","description":"Adipiscing sadipscing sea tation sit justo sit ut et et aliquyam gubergren. Erat consectetuer dolore at nibh sit dolor clita. Dolore eos rebum clita. Consequat rebum hendrerit amet ea dolor at clita ipsum quod delenit labore. Dolores nihil diam dolore dolor quod nonumy sed et veniam kasd et ea eu commodo consetetur. In ut accusam vero sit accusam. Sed ipsum erat. Duo et lorem iriure tempor tempor volutpat erat sed dolore no. Et erat placerat feugiat sit nulla sed vero ut. Vero tation amet consequat sadipscing. Duo vero ut eu ipsum lorem molestie invidunt blandit consetetur takimata tempor diam erat. Eum eos dolore voluptua placerat ut adipiscing stet ut ex sed labore dignissim duis.\n","pageCount":800,"excerpt":"Sed nibh nulla consetetur. In magna sed ut magna lorem ipsum diam aliquam clita in magna odio ex accusam. Facilisi ipsum vel sed consetetur et dolor aliquyam nonumy diam eu elitr consetetur clita. Placerat sit est gubergren sea wisi dolor eleifend dolor elitr clita sed voluptua diam. Est dolores et ea. Kasd sanctus invidunt sanctus sanctus et eros dolores at nulla consequat invidunt et ipsum nonumy dolor et elitr esse. Consequat vero stet justo consetetur dolores ut in assum erat dolores amet. Sadipscing clita veniam nulla ea sanctus facer justo et ipsum invidunt liber et delenit dignissim quis. Eirmod tincidunt consequat ipsum diam justo tation consequat voluptua takimata vero tempor in dolore. Eirmod consectetuer ipsum magna magna facilisis consetetur clita et minim sit. Sit dolor justo. Odio amet justo illum duis no veniam consetetur vel gubergren et dolor. Clita et blandit nulla et lorem lorem laoreet stet velit gubergren sit dolore aliquyam iriure sea.\nAmet zzril clita kasd sit lorem consequat euismod tempor sit duis. Dolor euismod et ex eos lorem luptatum iusto et dolor tempor. Lorem nonumy clita stet sed elitr luptatum nonumy voluptua sit nulla voluptua eos aliquyam. Et erat erat facer est sanctus sit voluptua. Aliquyam volutpat iusto exerci no gubergren. Vulputate invidunt tempor facilisis vero amet dolores justo elit tempor vel aliquyam sed vulputate vero consequat eu sanctus lorem. Sit vel ullamcorper exerci.\nLuptatum diam dolor dolor voluptua ut justo amet eos dolor elitr magna et consequat duo ut diam. Accusam stet eum ipsum ut duis duo vero sed amet. Amet magna vel sadipscing amet soluta. Invidunt et hendrerit eirmod lorem. Vel takimata dolore eirmod ea. Dolore sadipscing dolor. Tation diam kasd aliquip facilisis eros duis wisi tempor lorem et eros ipsum sea feugiat erat suscipit. Ut duis et. Dolores ipsum ipsum aliquip vel magna accusam. Doming diam facilisi et diam kasd sea tempor sadipscing magna. Sit lorem labore odio volutpat at lorem sit ea nulla clita sadipscing cum euismod cum ipsum. Accusam dolores consequat sed justo est sadipscing et nonumy amet et et lorem eirmod dolor vero qui id sanctus. Ullamcorper sit no lorem sadipscing elitr duo lorem elitr ut dolor amet clita iriure soluta esse duis ut.\nAutem vero vulputate et vulputate nostrud et lobortis sea qui eirmod amet blandit facer. Est augue ipsum ipsum labore feugiat vulputate diam sit est amet aliquyam eos amet amet sit ut feugait. Dolore vel duo duis eirmod duis. Vel diam rebum. Euismod rebum quod est voluptua diam lobortis consequat nulla iriure. Et id lorem eos. Aliquam vero vel et ipsum justo stet erat et praesent praesent justo magna euismod justo tincidunt consequat. In dolore eros placerat sanctus. At ipsum aliquyam ipsum magna sit. Vel te amet no est feugiat duo eum magna rebum ut ea justo et takimata erat sit sea dolore. Vero magna invidunt accusam dolor ipsum in eos. Minim iriure nulla diam diam. Est duis sed diam no amet est kasd stet sit. Veniam gubergren tempor magna dolor stet gubergren amet ea illum nonumy labore diam. Hendrerit invidunt eos et labore aliquyam vero tempor vero. Amet eleifend autem exerci sadipscing eirmod est dolore dolores dolore et ipsum ea blandit nam magna eu diam. Dolor erat et ipsum sanctus eirmod et dolore duis.\nAt nonumy eos tempor. Eu lorem amet et eirmod consetetur duis vero. Et lorem diam magna labore clita wisi. Illum ex kasd aliquyam dolore diam feugiat consetetur ipsum elitr stet nonumy suscipit. Wisi voluptua vel dolore cum lorem sed. No et et ipsum diam nonumy labore justo ut sea stet. Consetetur dolor dolore dolor. Rebum accusam invidunt consetetur clita aliquyam rebum luptatum nonumy enim. Liber aliquip tempor accusam diam voluptua amet quis ipsum et sed vero. Invidunt consequat ipsum. Diam aliquyam lorem aliquam et stet et elitr ea et ea et ut consequat ipsum ut stet blandit. Erat et tempor kasd stet vel ipsum elitr sed qui lorem iusto. Labore justo nihil facilisi.\n","publishDate":"2021-06-13T01:20:58.5482902+00:00"},{"id":9,"title":"Book 9","description":"Dolore justo blandit et nonumy tempor et voluptua ea option. Duis consequat est rebum dolore magna eirmod aliquam diam ipsum lorem ad et stet dolore amet. Takimata dolore eos sanctus erat kasd lorem sed. Lorem ipsum stet nonumy amet no amet no dolor lorem molestie lorem vero sadipscing. Sadipscing est aliquyam diam ea liber quis elitr ipsum ipsum invidunt sit kasd amet duis accumsan et amet. Eos invidunt vero praesent duo kasd consetetur voluptua sit labore amet vero invidunt et ut takimata accusam gubergren accusam. Consetetur sed tempor zzril dolor amet sed feugait euismod rebum lobortis placerat sit. Vero dolor et diam ipsum et voluptua consetetur. Vulputate hendrerit nihil ipsum consequat duo facilisis erat accusam aliquyam clita. Eirmod takimata sit dolore ipsum amet nonumy enim nulla diam sanctus gubergren diam et te ea gubergren. Vel labore gubergren. Accusam praesent magna sea id vel duo accusam amet est. Diam lorem ea dolor kasd zzril sit ullamcorper lorem erat lorem. Duis mazim diam volutpat diam lorem dolore veniam aliquyam duo. Ea elitr no tempor. Laoreet lorem duo amet.\n","pageCount":900,"excerpt":"Elitr zzril amet accusam mazim at eos facilisis nobis vero dolores accusam. Magna erat lorem. Et lorem dolore sed lorem dolore sed lorem mazim duis ut consetetur in. Aliquip sit tempor sanctus amet duis eum lorem consetetur sit nisl veniam. Tempor sed sadipscing rebum aliquyam sed accusam et.\nEst takimata nisl accusam placerat stet. Nonummy diam te voluptua liber sadipscing cum aliquam. Sit ut stet clita eos et consetetur duo eum invidunt sit sea takimata. Ut lorem voluptua diam duis duo invidunt. Dolor labore kasd illum adipiscing sanctus amet dolor accusam dolor duo gubergren. Dolore sed dolor dolore eum.\nJusto dolor kasd no ea et. Dolore eirmod nonummy eu hendrerit. Nisl lobortis sanctus. Aliquyam sed amet et te et nostrud at dolor magna facilisi veniam. Nulla takimata dolores duo eos dolor ipsum tempor amet vulputate tation te est. Sadipscing diam dolor ut ea vero nihil consetetur amet eos eirmod sed tempor nonumy ipsum consequat suscipit eos ea. Et erat ea odio vero voluptua ut dolor labore et eum et nulla lorem consetetur et iriure. Accusam amet consectetuer no est vero consequat accusam eu tempor.\nIn dolore consequat labore clita est dolor dolore lorem euismod eleifend eu magna erat augue eos eirmod. Eum molestie labore magna at dolor eos sit aliquyam lorem et rebum stet amet dolor et sea. No erat sed minim dolor rebum eos duis. Ea sed vero justo aliquyam nonumy et consetetur magna nibh et feugiat sea amet takimata. Suscipit sit et.\nSed eleifend nobis sit justo est lorem dolore gubergren eu tempor gubergren ipsum ea duo ut. Sed et no lorem diam dolor et kasd nonumy lorem diam euismod sed erat. Nibh tation sea aliquyam. Sed accumsan sadipscing blandit ut sanctus ut eirmod. Hendrerit elitr ipsum sed ut qui dolores est elitr et velit labore rebum hendrerit accusam illum hendrerit kasd est. Sit tincidunt at duo. Ad et ea kasd sed dolor id tempor no amet sed stet. Sanctus clita adipiscing. Feugiat sit velit eu invidunt ut takimata et aliquyam rebum stet dolor veniam in et feugiat voluptua. Tempor kasd et te. Quis dolore justo kasd ea illum magna accusam. No no dolor delenit elitr sit. Justo accusam aliquyam ipsum possim consetetur eos ut. Sed nonumy et voluptua lorem erat invidunt et sed vero ut sed diam magna. No iusto dolor gubergren. Sadipscing justo praesent in adipiscing vero suscipit diam et kasd clita invidunt. Nonumy sit eos dolores sit et rebum dolore te eos dolor kasd ea veniam eos aliquyam.\n","publishDate":"2021-06-12T01:20:58.548437+00:00"},{"id":10,"title":"Book 10","description":"Ipsum sea placerat aliquyam consequat no enim dolores exerci. Gubergren nisl lorem sit ipsum eirmod molestie sea ea sit et sed vel sea sed et. Consetetur labore suscipit no eu ipsum sit sea et in et ea. Lorem qui iriure clita vero justo mazim et ea ea consetetur sed aliquyam vero justo lorem takimata sanctus. Labore dolor dolore et. Takimata dolor amet takimata dolores ea augue eirmod stet gubergren delenit sed sed. Dignissim labore eros justo ut eu dolor stet et invidunt dolore ea takimata eos no exerci. Accumsan dolore nonummy sea et rebum consequat magna consequat et. Gubergren lorem voluptua takimata sit laoreet diam ipsum erat delenit laoreet facilisis sed ut takimata et mazim nulla. Sed sea aliquam dolor gubergren aliquam elitr no dolore sea dolore et velit odio. Lorem clita vero justo et at dolor diam ut ipsum justo est vel clita. Eos diam dolor dolor sed minim ipsum dignissim justo dolores et. Facilisis justo et erat at minim qui diam praesent consetetur kasd sed ipsum velit eirmod aliquyam diam ipsum. Et voluptua takimata et est amet invidunt sit ut aliquam. Dolore nonummy sit justo assum kasd. Consequat amet dolor cum facilisi elitr veniam. Aliquyam et lorem lorem ut hendrerit dignissim et takimata takimata nulla magna ut. Autem enim est. Dolor tempor autem ut lorem lorem tempor erat et dolore ea.\n","pageCount":1000,"excerpt":"Blandit amet lobortis voluptua tempor sit et ea sed sed et congue elitr aliquyam erat dignissim. Elitr eleifend nulla sit labore aliquyam ipsum sit et eos. Erat tempor erat consequat nibh vero nonummy exerci dolor est sanctus et nonumy vel. Nisl aliquyam sit sed et ea amet kasd accusam et nam duis consetetur justo eu. Tempor diam sit ipsum gubergren sea justo sit sit sea vulputate eirmod. Est et gubergren odio in et nostrud ipsum. Dolores aliquyam dolore.\nSit molestie sed autem euismod. Sed amet amet commodo voluptua autem gubergren gubergren dolores. Sit in amet no consetetur commodo et tempor dolor clita ipsum dolor. Eos sed iriure diam ipsum amet tempor dolor nonumy lobortis exerci clita dolore iusto at. Consequat accumsan magna et nulla et commodo diam no invidunt sea dolore consetetur sed sed. Labore tempor takimata sit sed. Clita et stet sanctus dolore dolore amet sit et diam duo amet qui. Dolore dolore ut diam diam rebum duo diam diam sanctus sed option dolor gubergren ut ipsum. Et zzril at volutpat et commodo sea ut elitr rebum eos vero dolor. Dolore duo tempor cum et accusam invidunt nonummy mazim amet veniam sadipscing magna iriure accusam. Diam ut invidunt in sea consetetur placerat suscipit enim nobis et. Tempor stet tempor at tincidunt et nihil sed sit amet in.\nEos takimata no duis sit amet at diam sanctus tempor. Nulla tempor et dolores vero sit. Takimata sit qui invidunt labore labore justo cum sit sed lorem diam justo sed ea amet commodo labore.\nRebum ea magna euismod sadipscing diam rebum kasd erat voluptua ea amet. Rebum ex lorem ipsum justo elitr elitr. Nulla tempor enim amet consequat amet ea amet vel illum consequat.\nDuo ut sed lorem aliquip invidunt adipiscing at invidunt accusam. Duo consequat magna dolores dolores labore et autem gubergren ad sed aliquam dolor voluptua. Est placerat vero dolore magna magna duo eos vero blandit blandit ipsum duo. Sed facilisis dolor dignissim et.\n","publishDate":"2021-06-11T01:20:58.548563+00:00"},{"id":11,"title":"Book 11","description":"Magna sed dolore tation amet aliquyam blandit ut ea accusam clita et volutpat molestie. Dolore in sadipscing voluptua ipsum takimata aliquip sit dolor at ipsum no sed option liber sed at suscipit dolor. Nonummy rebum sed labore kasd dolor takimata sea accusam vero possim nibh sit dolor clita congue dolor at. Magna facilisis amet sit sed sanctus tempor takimata diam doming et ea gubergren elitr dolor sanctus lorem nonumy ullamcorper. Kasd dolores rebum sadipscing. Wisi sea dolor duo vel lorem duis takimata esse dolor id sit dolores aliquyam tempor no at et. Elitr erat sadipscing ea tincidunt no eirmod molestie euismod kasd eros accusam lorem nonummy possim eos dolores autem eos. Sed molestie iusto sanctus doming diam dolor. Sea sea lorem lorem dolore amet gubergren sit commodo. Te gubergren eos duis blandit lorem sanctus feugait sit vulputate takimata tation dolore ut dolor takimata gubergren. Qui aliquam nibh eros et ea et dolor elitr est vero elitr ipsum consetetur aliquyam. Et molestie clita sit diam aliquyam gubergren dolor. Labore consetetur eirmod feugait ut et dolor ipsum eirmod consequat sed esse dolor.\n","pageCount":1100,"excerpt":"Sed no voluptua molestie et assum vero kasd et kasd est est ipsum eleifend erat odio. Tempor ut est vero sadipscing sit ea. Sit sit zzril gubergren kasd ipsum zzril duo. Magna sed dolores diam dolore et invidunt clita eum praesent amet congue eos wisi wisi iusto.\nDolore ipsum lorem nonumy sea facilisis amet sanctus sit ut takimata soluta ipsum tempor diam lorem eirmod. Sanctus et voluptua dolore justo no tempor feugiat at praesent vero diam autem. At sed et nulla hendrerit vel consetetur dolores est amet. Elitr dolores diam erat invidunt ut. Tempor dolor aliquyam eirmod odio rebum et. Ut quod stet consetetur erat sed autem ut no ex takimata ea suscipit no consetetur. Dolor dolores sed takimata sit stet duo rebum sit ut clita dolor dolor. Dolor molestie at eos diam sea ea voluptua sed at diam sit stet. Elitr dolor augue sea diam cum lorem diam rebum no ipsum autem illum ut dolor.\nLobortis amet nulla eirmod. Dolor lorem accumsan. Ut amet sea. Ipsum dolor vulputate sed facilisi invidunt gubergren est exerci justo at vel veniam commodo amet amet et. Placerat invidunt dolore. Iriure elit nulla. Voluptua diam voluptua tempor lorem no justo diam et dolor sed at invidunt dolor dolore magna. Elitr stet et kasd erat ea duis sed clita zzril et elitr elitr no. Et iriure dolor ipsum justo no sanctus aliquip tempor magna vero consetetur erat sanctus dolor. Diam rebum invidunt dolore accusam diam amet accusam congue consetetur diam. Dolores sanctus dolore gubergren dolores gubergren amet. Ut dolor dolor duo lorem enim elitr consetetur invidunt eirmod stet no luptatum tempor ex sanctus. Sea aliquyam dolores invidunt nonumy consetetur sed dolor et erat elit duis sanctus vero justo duis elit consequat gubergren. Accumsan clita ipsum sed sanctus amet rebum te elitr ipsum dolores ullamcorper diam lorem dolore accusam ipsum et. Vero ut nulla eirmod tation sit. Amet elitr et dolores zzril sanctus dolore nisl dolores sit. Ipsum iriure autem elitr rebum sed eum vel magna ea sit erat est dolor justo et. Vel stet rebum accusam ullamcorper takimata veniam aliquyam. Eros takimata erat sit sed sit magna sed erat.\nDuo amet eos facer feugait accumsan ipsum diam consetetur dolore laoreet sit kasd ut voluptua ipsum. Sadipscing hendrerit in vel sea volutpat sea eum laoreet sadipscing stet consetetur consectetuer sadipscing labore nihil. Option est erat consetetur sanctus vero. Et gubergren blandit nulla et nam. Enim possim eirmod illum sit gubergren volutpat sanctus kasd luptatum sadipscing kasd feugiat tincidunt invidunt. Accusam sit kasd amet magna vel justo diam. Labore takimata sit consectetuer et ullamcorper delenit erat molestie et et dolores. Et dolore vero elitr erat magna lorem dolor no sit nam tation vero aliquip vel rebum. Sit et dolor sit. No takimata est augue ut vero eos clita invidunt aliquyam esse nonumy facilisis est eos ipsum te ea nonumy. Sit et rebum est erat tempor dolores ut lorem amet dolor facilisis facilisi nonumy clita. Erat accumsan nonumy. Amet no et eum tempor. Sanctus ex diam accusam consequat et eos sit sed aliquyam.\nEu no no labore takimata invidunt ut suscipit et vel duo velit consetetur invidunt lorem erat wisi clita invidunt. Stet duo magna nonumy. Est ipsum sanctus dolore ipsum aliquip diam quis magna blandit quis rebum. Illum elitr dolores ipsum ut duis elitr magna eirmod in et praesent erat at. Labore sed molestie invidunt est duo takimata clita labore et. Dolore liber consectetuer. Ea diam stet amet no vel nonummy accusam iriure nostrud. Est dolore est magna sit praesent diam in justo elitr veniam et nostrud. No labore ipsum invidunt aliquyam clita sanctus. Esse stet facilisi et rebum et sea eum vero nonumy amet consectetuer eirmod ut accusam. Diam volutpat laoreet elitr et diam nulla et magna dolor. Sea dolor ipsum tempor dolor. Tincidunt sit nonumy aliquyam nonummy dolore feugiat eu ad magna elitr dolore est. Amet consequat te nulla molestie et sanctus feugait vel duis tempor in tempor. Dignissim qui dolores elit sed. Sanctus nisl facilisis dolor at wisi et amet dolor adipiscing facilisi ipsum. In feugiat diam accusam exerci et sanctus velit et.\n","publishDate":"2021-06-10T01:20:58.5487834+00:00"},{"id":12,"title":"Book 12","description":"Dolor et eos erat dolor takimata facer et justo duo nisl takimata. Nonumy lorem dolore sanctus aliquyam eos eu sit euismod. Stet sanctus lorem. Dolore ipsum sit sit tempor rebum. Praesent ipsum takimata amet nonumy eos sea tempor in aliquam et aliquip ipsum id dolor eleifend ea. Aliquip stet nibh dolore aliquyam justo voluptua eirmod vero duo amet. Clita lobortis amet. Sed magna ipsum lorem sed facilisi at et eos kasd no lorem et labore sit. Zzril sit dolore nostrud wisi justo sed est duis at gubergren labore at kasd accusam diam.\n","pageCount":1200,"excerpt":"Sanctus iriure et justo option sadipscing et dolore sed justo eirmod et duo ea gubergren et diam nonumy. Ea sea sea dolor ipsum voluptua sit veniam sadipscing hendrerit sea consequat ex. Ut no invidunt sanctus dolore ut sed sanctus aliquyam sed et illum consequat. Aliquyam amet dolore congue sadipscing et stet et eirmod sadipscing voluptua lorem et est lorem rebum et kasd. Et sadipscing lorem duo diam. Magna sed duo amet eos tempor nihil justo odio voluptua vel et erat. Eu clita dolor lorem amet kasd. Liber tempor hendrerit dolores.\nIn sed takimata suscipit diam labore molestie diam ut. Erat autem diam. Et eos vero et. Tempor elitr ipsum in vero et sed ad diam ipsum stet sea odio facer. Nisl sed rebum accusam amet dolore clita amet diam iriure vero autem facilisi accusam eos. Dolor justo dolor lorem takimata congue in ut dolore et clita sanctus ex clita lorem et erat mazim. Nonummy tempor et no. Et dolor sea. Nobis nobis accusam. Et sed eum adipiscing aliquyam ut volutpat amet clita ut consectetuer ipsum sea ea dolor. Sadipscing nobis delenit facilisis sanctus amet rebum stet. Magna adipiscing nisl sanctus id euismod sit consetetur ipsum invidunt ut feugait.\nEt sed eros takimata amet minim stet. Lorem lorem diam sadipscing magna at nisl est dolores voluptua adipiscing at. Rebum justo in magna ea consequat ut amet labore amet dolor tempor sea eos magna kasd. Facilisis tincidunt et nonumy clita labore ea labore sit illum consequat. Kasd magna accusam sit ut nonumy dolores sed.\nHendrerit duis consectetuer ea accusam et et sit diam dolore et vel sadipscing. Accumsan eos takimata nulla takimata lorem eos sea sadipscing molestie amet molestie dolor eos eos est eum. Et dolores kasd doming nonumy et id dolor duis dolor voluptua sea aliquyam. Stet lorem erat lorem eirmod nam tation sit in dolor amet eos est dolore nostrud. Zzril ut et voluptua dolor ipsum ipsum et sea illum dolore. Et takimata sed ea nonumy sanctus ea elitr at facilisis sea lorem. Odio sit sed doming sadipscing et iusto gubergren est sit illum facilisis duo. Elitr consequat aliquyam nam elitr sit autem ut accumsan ea sit sit. Autem labore tempor id. Ut elit sit elitr eum nulla vel nonumy eu at. Lobortis accusam ad stet sit consequat lobortis illum. Clita aliquip iriure blandit dolor sanctus no lorem feugiat commodo sea. Nam gubergren aliquyam et et sit tempor lobortis aliquam sed et stet at clita. Amet accusam vel nostrud ipsum kasd sed consetetur. Stet et sit amet amet dolor eu aliquip possim ut sit vero voluptua lorem.\nSanctus diam labore ut dolor duis eum suscipit no accusam duo no et invidunt erat consetetur minim. Et ut consequat duis dolor lobortis justo sed rebum ea eu. Sanctus no illum diam dolores at elitr tempor. Tempor commodo est invidunt diam ut lorem magna consetetur est sanctus consequat et vel iriure et.\n","publishDate":"2021-06-09T01:20:58.5489249+00:00"},{"id":13,"title":"Book 13","description":"Nonumy nibh sed sea eos takimata autem vel dolores clita sit in rebum sed tempor magna dolores. Ipsum qui ut sit diam dolor accumsan sed magna. Justo esse sed consequat dolore sit iusto stet et accusam. Nulla esse dolores enim no justo et rebum dolore tempor nonumy eirmod at clita sadipscing labore id praesent hendrerit. Sanctus consectetuer vel at dolore duo et velit diam amet nonumy sadipscing duis est. Et enim est est zzril. Hendrerit ea at no odio. Eirmod et eu in nonumy et ea sed sanctus at eos magna. Blandit vero molestie at iriure. Rebum sadipscing consetetur eos dolor dignissim nobis. Duo sed nonummy in ipsum et rebum ea at at nibh. Gubergren nisl sit est ut et vel dolore vel dolores elitr tempor et in stet. Eos lorem voluptua accusam rebum erat vero rebum eum magna sit lobortis sit sit. Aliquip nisl invidunt lorem consetetur kasd magna sea. Dolor voluptua dolore labore eirmod diam sanctus blandit luptatum. Ex option nibh elit invidunt consequat ea molestie ipsum kasd.\n","pageCount":1300,"excerpt":"Nulla magna iriure justo eos vero lobortis stet ipsum sed ipsum blandit invidunt gubergren et at. Consequat amet sadipscing ut ut voluptua vero invidunt delenit. Exerci et clita clita invidunt accusam tempor gubergren amet est eos tation lorem takimata rebum ipsum amet justo. Aliquyam stet eos voluptua et eirmod labore. Esse takimata lorem consetetur dolor ipsum stet et et. Tation et amet. Magna amet dolore stet sadipscing sanctus lorem rebum lorem amet at ea facilisi. Sed illum consequat rebum aliquyam dignissim hendrerit eu sit. Wisi dolore dolores eos.\nOdio ea accusam invidunt gubergren ipsum tempor. Et no eum vel takimata nonumy lorem magna accusam sed labore consequat. Minim eos sit amet facilisi nulla sed sanctus amet elitr elitr rebum tincidunt aliquyam sed praesent voluptua dignissim. Duis duo eirmod exerci est justo sadipscing at facilisis kasd duis et rebum. Ut rebum voluptua et velit lorem vero et lorem sadipscing. Suscipit no takimata amet et diam sed labore. Elitr justo labore duo takimata sit magna eirmod vel eleifend nostrud lorem labore sea ullamcorper amet accusam lorem. Sadipscing duis ipsum ex lorem feugait erat delenit tempor ipsum facer hendrerit facilisi volutpat labore. Et sea no dolor. Eros sed sed dolore takimata sit est dignissim magna justo diam est duis. Eirmod exerci kasd gubergren et velit consequat et facilisis ut blandit gubergren. At vel amet gubergren ipsum eirmod. Dolor dolore autem in clita sit et duo tempor voluptua ex. Amet gubergren et et ipsum justo vulputate sadipscing duis.\nNonumy et autem volutpat labore ut voluptua invidunt facilisi. In dolore accusam et eirmod et. Et ea dolor erat ipsum lorem amet eirmod eos sed dolor nonumy nonummy. Takimata invidunt et sea et takimata. Nibh accumsan in doming aliquyam ullamcorper. Eu consectetuer invidunt tempor elitr lorem lorem sea ullamcorper nonumy consequat facilisi stet liber erat. Clita sed erat ea magna magna vel voluptua et hendrerit sea accumsan et ipsum eirmod magna diam nibh feugiat. Ut accusam delenit magna sit dolore dolor sea feugait molestie odio diam diam. Amet diam hendrerit eos zzril et magna eirmod soluta magna augue at elitr dolore. Est dolore elitr et. Sit veniam ullamcorper dolor labore clita aliquam luptatum invidunt et justo. In rebum nam invidunt elitr invidunt lorem amet molestie ut. Facilisis sed gubergren no stet tempor feugiat et. Gubergren sit eu sea elitr labore duo dolor sed ea justo takimata invidunt takimata dolor feugait justo ipsum et. Vulputate minim dolor dolor labore amet tempor et dolor et.\nSit illum ipsum praesent est dolor dolore est takimata sit diam at ea. Odio wisi no invidunt justo vero rebum ea kasd sea est sed eirmod labore option. Sanctus sed dolores dolores eirmod dolor takimata ipsum et sadipscing et et. Facer sit est invidunt sed dolore et aliquyam ipsum nobis eu amet ex enim diam labore. Eos veniam diam clita. Lorem ad sea sed takimata aliquyam no gubergren. Consectetuer dolor sit dolor sanctus dolor aliquyam amet erat aliquyam nihil delenit et et stet ipsum eos. Diam nostrud in duo sanctus no diam sit diam. Et ipsum et minim nostrud justo aliquyam dolor diam diam dolor erat tempor dolor ex voluptua kasd dolor sea. Rebum dolor takimata sit.\nPraesent amet dolor tempor nonumy dolore clita dolore erat tation sit elitr dolores et. Ut sit diam diam dignissim sit aliquyam lorem elitr dolores amet rebum ut lorem amet sit vero invidunt consetetur. Sanctus accusam gubergren. Feugiat est mazim et et gubergren ut no aliquip consetetur sit nonummy ipsum sadipscing. Est gubergren et accumsan ipsum accusam in et luptatum dolore nibh consequat lorem et dolore sanctus. Dolor amet sanctus clita autem molestie diam et veniam diam. Exerci amet et labore sed eros. Stet dolor consetetur no in sed kasd at kasd illum. Dolore takimata ipsum labore aliquyam aliquyam dolore. Dolor nonumy ipsum nulla wisi et justo sed et lorem esse est aliquam.\n","publishDate":"2021-06-08T01:20:58.5511288+00:00"},{"id":14,"title":"Book 14","description":"Possim ipsum labore takimata facilisi accusam et sanctus et. Duo accusam magna. Consequat praesent sit takimata et dolor tincidunt diam ipsum sadipscing erat quis et at erat placerat vel. Dolore et aliquyam consectetuer rebum diam consetetur nulla justo voluptua erat et magna lorem clita sed. Labore luptatum et tempor stet duo lobortis lorem et diam dolore consequat augue diam ullamcorper te ea. Sit lobortis lorem hendrerit sadipscing ea dolore volutpat sadipscing. Vero elitr lorem molestie dolor rebum ut et sed dolor kasd vel dolores te ex elitr doming takimata. Rebum sed aliquyam dolore est nisl magna nonummy hendrerit. Rebum gubergren dolor nulla et ad gubergren vel invidunt praesent eirmod commodo ut aliquip diam. Justo et dolor sit sed duo duo tincidunt kasd delenit facilisi et. Iriure et takimata justo ipsum aliquyam sit. Nonumy sed rebum eos laoreet gubergren sadipscing esse et molestie no sea tempor vero. Rebum eleifend iriure dolores. Sea eos ad vel kasd invidunt id lorem hendrerit sed ut sed ut et nonummy diam. Diam accusam et eirmod esse takimata at stet dolor et vero sadipscing magna. Eirmod gubergren gubergren sit invidunt sanctus dolor gubergren accusam ut dolor consectetuer sed enim in erat lorem. Ipsum rebum kasd erat dolore amet sea lorem nonumy sed accusam sit iusto et sit eos tempor.\n","pageCount":1400,"excerpt":"Duo odio et dolor sea sed eum sed dolor accumsan diam diam esse clita. Aliquam ut luptatum dolor sit praesent et sed labore dolore amet gubergren eirmod clita et aliquyam kasd. Tempor labore sed nulla dolore kasd amet eirmod molestie. Invidunt dolor takimata et. Vel lobortis eos voluptua sit id ad nobis no aliquyam ipsum eirmod sadipscing ex dolore aliquyam. At in lorem dolores et dolor sadipscing labore dolores. Sed ut te sadipscing velit rebum amet elitr ut lorem vero. Tempor duis ea dolor dolore sit tempor justo invidunt nonumy clita nisl hendrerit.\nSit ut est elitr sit invidunt et et erat hendrerit dolore stet consetetur. Eirmod imperdiet dolor ad labore congue duo ipsum at mazim dolor ea consetetur erat in vero nonummy diam nisl. Stet eos diam gubergren nulla eos. Ipsum hendrerit dolor feugiat at sit eos amet eos possim. Et esse diam sanctus consequat lorem ad sed eirmod dolore elitr ad eirmod labore aliquyam diam. Sanctus duo kasd consetetur nonumy sea eirmod. Veniam illum ut takimata adipiscing diam stet lorem eirmod labore at feugiat duo amet lorem invidunt sed. Duis rebum ea nonummy aliquyam vel sit facilisis. Sed dolore ut sed nonumy nonumy et. Sit sit et sadipscing sadipscing et aliquyam. Iusto tempor eirmod ea hendrerit erat ipsum facer. Tempor takimata nulla consetetur et dolore diam in assum molestie diam eos et consetetur sadipscing amet et. Consetetur sadipscing gubergren wisi consetetur at nulla elitr sit est adipiscing ipsum ipsum. Duis voluptua ad ea sed elitr elitr dolores et et tincidunt vel est diam.\nEt sed dolor suscipit consequat aliquip diam sed dolore. Dolor clita sed sit vel. Ea quis ipsum kasd ut hendrerit ad nostrud esse sit. Adipiscing tempor vero sed molestie sit no eirmod dolor lorem nonumy. Placerat ipsum est et dolore magna vulputate sadipscing ut accusam. Invidunt accumsan stet amet suscipit duis magna ut aliquyam enim tempor. Wisi aliquyam eos magna accusam tempor lorem labore dolor tation dolor sed sadipscing labore blandit voluptua dolor. Laoreet clita diam sed sed at et et dolor kasd kasd sed nonumy lorem dolore. Ea elitr molestie sit invidunt stet ipsum labore accusam soluta clita nonumy nam tempor. Magna diam et kasd ut labore no imperdiet ut est. Ipsum elitr accusam takimata at sed consequat sadipscing ea et rebum ut consetetur dolor eu no. Esse et stet ipsum dolores ipsum ut amet ipsum vel. Sit dolor accusam at tempor sit aliquyam elitr et lorem sadipscing et. Nobis clita autem eos invidunt voluptua nobis vero nisl gubergren eum takimata.\nLorem facer nam ipsum dolores takimata lorem stet elit lorem et doming wisi. Amet dolor amet ut nulla est sed lorem dolores kasd clita in velit aliquam gubergren ad. Doming diam iriure est no no kasd no et erat veniam lobortis dolor sit vel sea dolor. Et nisl labore takimata vero diam ipsum at iusto. Amet ea eirmod in ipsum veniam duis no lobortis eum aliquyam et nonumy stet accusam vero dolor. Sit takimata dolor sed iriure ea eu. Magna amet rebum ipsum duis vero sea esse at justo est diam amet et kasd diam et amet ut. No invidunt tincidunt sea consectetuer nonummy doming quis erat aliquyam. Dolores et sit et. Takimata suscipit blandit esse dolore lobortis gubergren amet tincidunt nisl dolore. Dolore at takimata eirmod lorem voluptua adipiscing laoreet. Lorem sea dolore at sea tempor wisi sit stet. Erat facilisis molestie lorem. Eirmod eleifend sit sadipscing facer et invidunt voluptua voluptua elitr at feugiat et hendrerit et sanctus at sadipscing lorem. Facilisis et dolor consectetuer nonummy vel sadipscing ut dolore esse eirmod takimata. Accusam eos et stet et erat rebum et ut nulla dignissim sadipscing ea erat gubergren vero sadipscing accusam. In vero voluptua minim eos labore suscipit et commodo dolore volutpat delenit. Diam et diam kasd in labore et velit commodo luptatum.\nVero dolores dolore magna. Et ea kasd dolor tempor. Dolor invidunt liber exerci. Vero vero dolor diam accusam diam. Ut et ad voluptua kasd aliquam diam kasd sit diam esse euismod. Labore eum no lorem lorem dolor odio lorem dolores erat eros in amet at tincidunt. Eu velit takimata eirmod sed. Clita laoreet clita justo in nulla ipsum in consectetuer et sadipscing eu et magna. Ipsum diam dolore justo sed at. Et dolores adipiscing. Velit tation hendrerit et consetetur lorem erat duo justo dolores nibh hendrerit.\n","publishDate":"2021-06-07T01:20:58.5512599+00:00"},{"id":15,"title":"Book 15","description":"Ea liber invidunt nulla ipsum tempor vero. Eirmod dolore sit takimata justo vulputate te amet dolor suscipit et blandit facilisis vel te te eirmod vero zzril. Elitr ea quis gubergren no voluptua erat accumsan rebum dolor amet sanctus eos tempor. Elitr invidunt exerci justo et magna iriure. Sadipscing consetetur et facilisi sit justo voluptua vel sit rebum sed amet takimata vel nulla delenit magna. Erat tation dolor in accusam justo et iusto feugiat invidunt at et. Ipsum duo iusto invidunt vero takimata dolor. No et sed blandit clita nihil. Et sit gubergren. Dolores et dolores laoreet ea et nostrud odio sadipscing ea magna dolor no accusam. Et magna facilisi ipsum diam at takimata elitr dolore dolor. Tempor molestie amet veniam tempor invidunt diam sed ea stet dolor et et luptatum.\n","pageCount":1500,"excerpt":"Tempor kasd diam et blandit dolor kasd nonumy sed diam dolore. Invidunt no voluptua dolor commodo labore clita clita dolor. Sea kasd elit eum consetetur consequat est invidunt dolor kasd sed et luptatum. Justo kasd at clita dolore dolor lorem labore eum. At ipsum gubergren at dolore consequat tincidunt dolor aliquyam sit ipsum sit lorem dolor duo autem te ut diam. Sit lorem augue. Vel magna ipsum luptatum sit molestie luptatum voluptua dolore ipsum labore assum in erat justo consetetur sea minim et. Sed takimata erat in augue consetetur nonumy eos et dolor et. Amet sadipscing vel et dolores duis eos soluta. Takimata dignissim sanctus lorem et ipsum nulla sed erat zzril nisl diam. Minim tempor quod autem lobortis diam accusam et sit. Nonumy eos consetetur in feugiat magna et feugiat at nobis duo amet et diam laoreet iriure wisi.\nJusto labore ad et elitr eos doming nostrud nonumy ut. Sit sadipscing erat elitr commodo. Diam sed vulputate sanctus stet nulla veniam dolor et praesent dolor et dolor sit. Vel et dolore nulla est accusam sed sit clita adipiscing. No sed nonumy ipsum elitr kasd consequat no facilisi stet sed hendrerit diam. Stet tempor sit commodo clita voluptua dolore nonumy diam lorem takimata volutpat hendrerit clita aliquyam. Facilisi sanctus gubergren. Autem aliquyam et voluptua diam assum ipsum et stet et vulputate kasd aliquyam nonumy nibh hendrerit.\nLorem ipsum takimata magna invidunt sit dolore doming nonummy rebum wisi feugait vero delenit nonumy. Odio quis vero commodo quis augue lorem accusam sea stet ut kasd elitr et elitr diam duo clita ut. Et duo ut vel dignissim quis lorem tempor ea ad. Dignissim sadipscing ea exerci dolor at stet delenit at diam cum. Ea eos no consetetur. Commodo ipsum molestie et et. Sadipscing ipsum magna dolore et doming clita dolor. Eirmod doming dolor gubergren odio ipsum consetetur eos dolor sanctus clita et. Accusam ea molestie facilisis ea dolor sea at gubergren. Possim stet eos dolore labore iriure molestie kasd gubergren velit.\nSit at diam diam diam diam eum ut. At ipsum amet voluptua feugiat eirmod dolores in ut in qui sed at dolore te. Tempor eros elit. Sit ex rebum sea lorem kasd clita. Amet at sit cum elitr elitr lorem amet sit stet ut ipsum tempor at blandit aliquyam dolores.\nEt nonumy magna. Soluta accusam illum lorem consectetuer accusam eos labore. Erat voluptua aliquyam at takimata accusam lorem gubergren dolor consectetuer lorem nisl. Aliquyam no lorem lobortis nostrud stet justo dolor diam duo minim option dolore velit voluptua nonumy erat. Takimata sadipscing et. Ea sed magna aliquyam amet lorem sed voluptua. Lorem stet hendrerit feugiat. Erat diam nisl diam erat et sit sadipscing iusto accusam vel magna sed laoreet. Sanctus invidunt consetetur dignissim erat lorem facilisis justo.\n","publishDate":"2021-06-06T01:20:58.5513384+00:00"},{"id":16,"title":"Book 16","description":"Sit sea ut. Nihil justo erat dolor aliquyam vero aliquam ipsum ea nostrud minim takimata ipsum magna et justo. Sea clita sadipscing eum eos elitr iusto amet consequat diam amet. Nisl sadipscing magna quod amet dolore. Dolores invidunt sanctus stet vulputate et dolores zzril erat lorem no adipiscing vel sea. Magna no elitr. Consetetur elitr sanctus est lorem sit veniam no justo facer accusam invidunt sea nisl tempor. Lorem lorem duo vulputate eirmod sea velit ea sed kasd magna accusam aliquyam labore voluptua no sit.\n","pageCount":1600,"excerpt":"Et lorem erat at dolore vel erat placerat et nonumy sadipscing. Dolor gubergren enim et erat accumsan et at et eirmod justo et. Nulla consetetur sed aliquyam no. Est sed sadipscing et dolor exerci accusam elitr. Voluptua ea magna nonumy eos et sanctus nonumy cum sanctus ex odio voluptua.\nFeugiat eum dolore ipsum ipsum consequat sea ut aliquip dolor at diam dolores ipsum et zzril dolore eu. Lorem no nonummy clita rebum et accumsan dolor clita lorem ipsum esse et takimata consetetur. Ad sea ea sea suscipit ipsum augue sadipscing erat gubergren dolore soluta invidunt et ipsum tempor. Et voluptua ipsum consetetur et stet eirmod facer et labore dolor sadipscing in consectetuer at. Accumsan dolor dolor consetetur nulla et diam dolor dolor elitr et clita no consetetur et eirmod lorem.\nDolor nonumy vel nulla ut dolores tempor lorem qui amet. Ut sadipscing accusam rebum enim nibh ea eos clita autem stet dolor stet elitr. Duo sit nibh stet no diam dolor invi
[...]
t dolor et. Feugait invidunt sed commodo amet illum diam dolore consetetur sanctus et amet ea. No ullamcorper nonumy autem dolore vulputate accusam dolores luptatum sadipscing laoreet vel clita at vero iriure. Labore ut consequat justo amet ullamcorper sadipscing ad amet. Eirmod sadipscing kasd aliquyam sit. Tation labore elit vero cum sit amet. Sanctus dolor ipsum eirmod voluptua et eros nonummy nonumy est labore. Diam vulputate sit dolore lorem. Labore nisl molestie rebum vel dolore et possim magna dolore justo takimata ut eos dolore labore elitr molestie no. Elitr gubergren sea et duis eirmod sed justo. Ut sit justo dolor. Sed et suscipit erat amet sanctus takimata sea aliquyam hendrerit at dignissim et. Vero kasd ipsum consequat et nonumy delenit blandit ipsum. Aliquyam possim sit accumsan takimata nonumy eos clita sit magna cum quod elit diam magna no diam vel. Dolores sanctus nonumy takimata rebum clita dolore consetetur odio sed dignissim dolor dolores ipsum dolor duo illum sanctus. Augue labore sea voluptua lobortis stet ipsum diam est sed duis consetetur labore aliquyam. Rebum placerat diam invidunt.\nAliquyam accumsan sed amet at illum nonumy erat molestie accusam. Sanctus lorem vero dolores amet vero laoreet sed erat takimata takimata wisi accusam justo. Takimata esse amet sea diam id sed et ad accusam dolor. Stet minim amet consequat. Kasd tempor et nonumy et sed labore. Gubergren dolore justo kasd magna clita voluptua amet sit stet eirmod duo. Ipsum kasd invidunt aliquyam labore diam stet clita rebum id. Sed ut dolor et vulputate nulla sit takimata lorem takimata sea molestie sed dolore at. Duo stet aliquam odio rebum illum duis. At at consetetur. Dolore sit erat stet ea sed voluptua amet quis duis magna lobortis.\nMagna molestie odio gubergren justo sea odio zzril takimata takimata accusam. Justo molestie feugait dolor et erat enim voluptua justo. Consetetur ea nisl et tation magna eirmod molestie dolores.\nDolor sed vulputate aliquyam dolore placerat stet clita et ipsum lorem eros sit. Diam voluptua sadipscing ut at luptatum tincidunt voluptua amet. Stet amet et volutpat ipsum. Odio dolores sit est. Nisl et ipsum et lorem consequat lorem elitr vel lorem diam magna aliquip et. Dolore possim eu elitr duis ut nulla magna est eirmod tation tempor dolor. Nibh eirmod kasd et vel duo diam nonumy sit est lorem. Vulputate no sadipscing erat ut aliquyam consequat labore. At diam eros diam iriure dolor stet erat facilisis erat justo. Kasd consetetur diam veniam ut sit nulla dolore at et sanctus nisl lorem sit consetetur stet rebum lorem. Dolore minim elitr invidunt sed ea lorem imperdiet consequat eirmod sit exerci gubergren feugait. Dolor eirmod elitr. Takimata te voluptua ipsum diam invidunt zzril ipsum duis voluptua vel sit minim est stet stet at facilisi sadipscing.\n","publishDate":"2020-12-03T01:20:58.5842311+00:00"}]</msg>
<status status="PASS" starttime="20210620 22:21:01.331" endtime="20210620 22:21:01.345"/>
</kw>
<kw name="Set Test Variable" library="BuiltIn">
<arg>${RESPOSTA}</arg>
<doc>Makes a variable available everywhere within the scope of the current test.</doc>
<msg timestamp="20210620 22:21:01.346" level="INFO">${RESPOSTA} = &lt;Response [200]&gt;</msg>
<status status="PASS" starttime="20210620 22:21:01.346" endtime="20210620 22:21:01.346"/>
</kw>
<status status="PASS" starttime="20210620 22:20:59.088" endtime="20210620 22:21:01.346"/>
</kw>
<kw name="Conferir o status code" library="kws_apiautomation">
<arg>200</arg>
<kw name="Should Be Equal As Strings" library="BuiltIn">
<arg>${RESPOSTA.status_code}</arg>
<doc>Fails if objects are unequal after converting them to strings.</doc>
<msg timestamp="20210620 22:21:01.348" level="FAIL">Keyword 'BuiltIn.Should Be Equal As Strings' expected 2 to 7 arguments, got 1.</msg>
<status status="FAIL" starttime="20210620 22:21:01.347" endtime="20210620 22:21:01.348"/>
</kw>
<status status="FAIL" starttime="20210620 22:21:01.347" endtime="20210620 22:21:01.348"/>
</kw>
<kw name="Conferir o reason" library="kws_apiautomation">
<arg>OK</arg>
<status status="NOT RUN" starttime="20210620 22:21:01.349" endtime="20210620 22:21:01.349"/>
</kw>
<kw name="Conferir se retorna uma lista com &quot;200&quot; livros" library="kws_apiautomation" sourcename="Conferir se retorna uma lista com &quot;${QTDE_LIVROS}&quot; livros">
<status status="NOT RUN" starttime="20210620 22:21:01.349" endtime="20210620 22:21:01.349"/>
</kw>
<status status="FAIL" starttime="20210620 22:20:59.087" endtime="20210620 22:21:01.350">Keyword 'BuiltIn.Should Be Equal As Strings' expected 2 to 7 arguments, got 1.</status>
</test>
<test id="s1-t2" name="Cenario: Buscar um livro específico (GET em um Livro específico)">
<kw name="Requisitar o livro &quot;20&quot;" library="kws_apiautomation" sourcename="Requisitar o livro &quot;${ID_LIVRO}&quot;">
<kw name="Create Session" library="RequestsLibrary">
<arg>fakeAPI</arg>
<arg>${BASE_URL}</arg>
<arg>disable_warnings=${True}</arg>
<doc>Create Session: create a HTTP session to a server</doc>
<msg timestamp="20210620 22:21:01.353" level="INFO">Creating Session using : alias=fakeAPI, url=https://fakerestapi.azurewebsites.net/api/v1, headers={},                     cookies={}, auth=None, timeout=None, proxies=None, verify=False,                     debug=0 </msg>
<status status="PASS" starttime="20210620 22:21:01.353" endtime="20210620 22:21:01.354"/>
</kw>
<kw name="Create Dictionary" library="BuiltIn">
<var>${HEADERS}</var>
<arg>content-type=application/json</arg>
<doc>Creates and returns a dictionary based on the given ``items``.</doc>
<msg timestamp="20210620 22:21:01.354" level="INFO">${HEADERS} = {'content-type': 'application/json'}</msg>
<status status="PASS" starttime="20210620 22:21:01.354" endtime="20210620 22:21:01.354"/>
</kw>
<kw name="Set Suite Variable" library="BuiltIn">
<arg>${HEADERS}</arg>
<doc>Makes a variable available everywhere within the scope of the current suite.</doc>
<msg timestamp="20210620 22:21:01.355" level="INFO">${HEADERS} = {'content-type': 'application/json'}</msg>
<status status="PASS" starttime="20210620 22:21:01.354" endtime="20210620 22:21:01.355"/>
</kw>
<kw name="Get On Session" library="RequestsLibrary">
<var>${RESPOSTA}</var>
<arg>fakeAPI</arg>
<arg>Books/${ID_LIVRO}</arg>
<arg>expected_status=any</arg>
<doc>Sends a GET request on a previously created HTTP Session.</doc>
<msg timestamp="20210620 22:21:02.194" level="INFO">GET Request : url=https://fakerestapi.azurewebsites.net/api/v1/Books/20 
 path_url=/api/v1/Books/20 
 headers={'User-Agent': 'python-requests/2.25.1', 'Accept-Encoding': 'gzip, deflate', 'Accept': '*/*', 'Connection': 'keep-alive'} 
 body=None 
 </msg>
<msg timestamp="20210620 22:21:02.194" level="INFO">GET Response : url=https://fakerestapi.azurewebsites.net/api/v1/Books/20 
 status=200, reason=OK 
 headers={'Transfer-Encoding': 'chunked', 'Content-Type': 'application/json; charset=utf-8; v=1.0', 'Server': 'Kestrel', 'api-supported-versions': '1.0', 'Date': 'Mon, 21 Jun 2021 01:21:00 GMT'} 
 body={"id":20,"title":"Book 20","description":"Eu diam diam dolores. Clita ipsum sit eos labore aliquyam in sanctus adipiscing elitr erat. Lorem est sit dolore et zzril. Minim sit diam et eos lorem invidunt molestie ut est nihil ipsum nibh eos aliquip. Justo labore magna invidunt amet sea sed dolore dolore takimata amet dolore laoreet et sed amet esse. Nonumy lorem aliquyam vel erat elit sit labore dolore consetetur et dolor. Molestie stet aliquip no nibh consequat justo. Invidunt et facilisi ut molestie et aliquyam sit dolores sit et sit sit ut. Labore dolor blandit dolore at ipsum diam labore laoreet et nonumy voluptua aliquam et nobis molestie sit sit.\n","pageCount":2000,"excerpt":"Lorem justo elitr et est erat dolore magna takimata ea iriure sed ea sit amet voluptua gubergren aliquip. Takimata ut at aliquip dolor diam justo autem nibh. Sanctus ipsum sea ea tempor aliquyam eu quod duo eirmod eum magna at erat iusto. Dolore sit wisi consectetuer et takimata eum sit lorem option nonumy sit tation duo. Accusam eu takimata eos vero. Nulla voluptua dolore amet lorem at amet et ipsum ex est labore vulputate magna dolor. Labore vulputate magna duo est ipsum labore erat duo sea. Duis sit magna hendrerit autem et nobis tation. Volutpat wisi molestie lorem volutpat exerci. Et stet justo eos erat justo no stet nostrud lorem justo nonumy nonumy iriure ipsum diam et sanctus. Aliquip nostrud ullamcorper lorem consetetur et sanctus vel gubergren labore sanctus at aliquyam accusam zzril sadipscing amet. Clita amet consequat lorem tempor dolor nibh tempor feugiat amet gubergren praesent. Nulla nostrud ut nulla ipsum dolore dolor. Dolor blandit adipiscing quis nonummy dolor minim adipiscing nulla molestie. Quis dolores dolore lorem accusam stet sanctus sed kasd ipsum est consetetur nonumy nonumy. Et dolor clita ut et placerat diam. In sanctus elitr dolore nibh consetetur consetetur. Sadipscing lorem option et sadipscing diam.\nSea takimata ad sit voluptua. Labore adipiscing sea erat sed vulputate dolore eu. Rebum nonumy et ea aliquyam elitr labore et. Vulputate accusam elitr accusam. Ipsum invidunt sea ipsum invidunt et sed sit dolor diam option. Commodo magna erat tempor magna et dolores vero delenit nisl blandit sed. Kasd dolor accumsan aliquyam et tempor no et nobis. Labore justo dolore tempor duis in sed sanctus qui sed vulputate diam.\nDolores amet hendrerit diam et vero magna est erat et lobortis consetetur accumsan enim dolore. Sit sit voluptua et lorem. Sit takimata aliquyam ipsum dolor sanctus labore consetetur commodo sanctus magna sed no.\nSed sadipscing gubergren et invidunt zzril et. Est sea justo eos magna et justo accumsan minim clita et lorem. At diam et clita invidunt sit.\nInvidunt facilisis et eos et mazim sed sadipscing eros nonumy ut eros. Lorem sea et. Diam vero dolor duis tincidunt vero nobis sanctus sit gubergren nisl diam dolores hendrerit molestie exerci dolores. Dolore elitr gubergren dolor invidunt consequat est no at diam est esse no ut dolore. Nulla sed ut tincidunt eirmod aliquyam in diam nisl kasd. At aliquyam elit euismod gubergren diam dolor. Consetetur est aliquyam ea eirmod eirmod quis elit blandit stet elitr hendrerit magna et.\n","publishDate":"2021-06-01T01:21:00.5806406+00:00"} 
 </msg>
<msg timestamp="20210620 22:21:02.194" level="INFO">${RESPOSTA} = &lt;Response [200]&gt;</msg>
<status status="PASS" starttime="20210620 22:21:01.355" endtime="20210620 22:21:02.194"/>
</kw>
<kw name="Log" library="BuiltIn">
<arg>${RESPOSTA.text}</arg>
<doc>Logs the given message with the given level.</doc>
<msg timestamp="20210620 22:21:02.194" level="INFO">{"id":20,"title":"Book 20","description":"Eu diam diam dolores. Clita ipsum sit eos labore aliquyam in sanctus adipiscing elitr erat. Lorem est sit dolore et zzril. Minim sit diam et eos lorem invidunt molestie ut est nihil ipsum nibh eos aliquip. Justo labore magna invidunt amet sea sed dolore dolore takimata amet dolore laoreet et sed amet esse. Nonumy lorem aliquyam vel erat elit sit labore dolore consetetur et dolor. Molestie stet aliquip no nibh consequat justo. Invidunt et facilisi ut molestie et aliquyam sit dolores sit et sit sit ut. Labore dolor blandit dolore at ipsum diam labore laoreet et nonumy voluptua aliquam et nobis molestie sit sit.\n","pageCount":2000,"excerpt":"Lorem justo elitr et est erat dolore magna takimata ea iriure sed ea sit amet voluptua gubergren aliquip. Takimata ut at aliquip dolor diam justo autem nibh. Sanctus ipsum sea ea tempor aliquyam eu quod duo eirmod eum magna at erat iusto. Dolore sit wisi consectetuer et takimata eum sit lorem option nonumy sit tation duo. Accusam eu takimata eos vero. Nulla voluptua dolore amet lorem at amet et ipsum ex est labore vulputate magna dolor. Labore vulputate magna duo est ipsum labore erat duo sea. Duis sit magna hendrerit autem et nobis tation. Volutpat wisi molestie lorem volutpat exerci. Et stet justo eos erat justo no stet nostrud lorem justo nonumy nonumy iriure ipsum diam et sanctus. Aliquip nostrud ullamcorper lorem consetetur et sanctus vel gubergren labore sanctus at aliquyam accusam zzril sadipscing amet. Clita amet consequat lorem tempor dolor nibh tempor feugiat amet gubergren praesent. Nulla nostrud ut nulla ipsum dolore dolor. Dolor blandit adipiscing quis nonummy dolor minim adipiscing nulla molestie. Quis dolores dolore lorem accusam stet sanctus sed kasd ipsum est consetetur nonumy nonumy. Et dolor clita ut et placerat diam. In sanctus elitr dolore nibh consetetur consetetur. Sadipscing lorem option et sadipscing diam.\nSea takimata ad sit voluptua. Labore adipiscing sea erat sed vulputate dolore eu. Rebum nonumy et ea aliquyam elitr labore et. Vulputate accusam elitr accusam. Ipsum invidunt sea ipsum invidunt et sed sit dolor diam option. Commodo magna erat tempor magna et dolores vero delenit nisl blandit sed. Kasd dolor accumsan aliquyam et tempor no et nobis. Labore justo dolore tempor duis in sed sanctus qui sed vulputate diam.\nDolores amet hendrerit diam et vero magna est erat et lobortis consetetur accumsan enim dolore. Sit sit voluptua et lorem. Sit takimata aliquyam ipsum dolor sanctus labore consetetur commodo sanctus magna sed no.\nSed sadipscing gubergren et invidunt zzril et. Est sea justo eos magna et justo accumsan minim clita et lorem. At diam et clita invidunt sit.\nInvidunt facilisis et eos et mazim sed sadipscing eros nonumy ut eros. Lorem sea et. Diam vero dolor duis tincidunt vero nobis sanctus sit gubergren nisl diam dolores hendrerit molestie exerci dolores. Dolore elitr gubergren dolor invidunt consequat est no at diam est esse no ut dolore. Nulla sed ut tincidunt eirmod aliquyam in diam nisl kasd. At aliquyam elit euismod gubergren diam dolor. Consetetur est aliquyam ea eirmod eirmod quis elit blandit stet elitr hendrerit magna et.\n","publishDate":"2021-06-01T01:21:00.5806406+00:00"}</msg>
<status status="PASS" starttime="20210620 22:21:02.194" endtime="20210620 22:21:02.195"/>
</kw>
<kw name="Set Test Variable" library="BuiltIn">
<arg>${RESPOSTA}</arg>
<doc>Makes a variable available everywhere within the scope of the current test.</doc>
<msg timestamp="20210620 22:21:02.195" level="INFO">${RESPOSTA} = &lt;Response [200]&gt;</msg>
<status status="PASS" starttime="20210620 22:21:02.195" endtime="20210620 22:21:02.195"/>
</kw>
<status status="PASS" starttime="20210620 22:21:01.353" endtime="20210620 22:21:02.195"/>
</kw>
<kw name="Conferir o status code" library="kws_apiautomation">
<arg>200</arg>
<kw name="Should Be Equal As Strings" library="BuiltIn">
<arg>${RESPOSTA.status_code}</arg>
<doc>Fails if objects are unequal after converting them to strings.</doc>
<msg timestamp="20210620 22:21:02.197" level="FAIL">Keyword 'BuiltIn.Should Be Equal As Strings' expected 2 to 7 arguments, got 1.</msg>
<status status="FAIL" starttime="20210620 22:21:02.196" endtime="20210620 22:21:02.197"/>
</kw>
<status status="FAIL" starttime="20210620 22:21:02.196" endtime="20210620 22:21:02.197"/>
</kw>
<kw name="Conferir o reason" library="kws_apiautomation">
<arg>OK</arg>
<status status="NOT RUN" starttime="20210620 22:21:02.198" endtime="20210620 22:21:02.198"/>
</kw>
<kw name="Conferir se retorna todos os dados corretos do livro &quot;20&quot;" library="kws_apiautomation" sourcename="Conferir se retorna todos os dados corretos do livro &quot;${ID_LIVRO}&quot;">
<status status="NOT RUN" starttime="20210620 22:21:02.199" endtime="20210620 22:21:02.199"/>
</kw>
<status status="FAIL" starttime="20210620 22:21:01.352" endtime="20210620 22:21:02.199">Keyword 'BuiltIn.Should Be Equal As Strings' expected 2 to 7 arguments, got 1.</status>
</test>
<test id="s1-t3" name="Cenario: Cadastrar um novo livro (POST)">
<kw name="Cadastrar um novo livro" library="kws_apiautomation">
<kw name="Set Suite Variable" library="BuiltIn">
<arg>${JSON_BODY}</arg>
<arg>${JSON_POST}</arg>
<doc>Makes a variable available everywhere within the scope of the current suite.</doc>
<msg timestamp="20210620 22:21:02.205" level="INFO">${JSON_BODY} = {'id': '201', 'title': 'Meu novo Book', 'description': 'Estamos testando a adição de novos livros', 'pageCount': '556', 'excerpt': 'Esse livro é muito top', 'publishDate': '2021-06-18T23:12:00.5639338...</msg>
<status status="PASS" starttime="20210620 22:21:02.204" endtime="20210620 22:21:02.205"/>
</kw>
<kw name="Post On Session" library="RequestsLibrary">
<var>${RESPOSTA}</var>
<arg>fakeAPI</arg>
<arg>Books</arg>
<arg>json=${JSON_BODY}</arg>
<arg>headers=${HEADERS}</arg>
<arg>expected_status=any</arg>
<doc>Sends a POST request on a previously created HTTP Session.</doc>
<msg timestamp="20210620 22:21:02.405" level="INFO">POST Request : url=https://fakerestapi.azurewebsites.net/api/v1/Books 
 path_url=/api/v1/Books 
 headers={'User-Agent': 'python-requests/2.25.1', 'Accept-Encoding': 'gzip, deflate', 'Accept': '*/*', 'Connection': 'keep-alive', 'content-type': 'application/json', 'Content-Length': '223'} 
 body=b'{"id": "201", "title": "Meu novo Book", "description": "Estamos testando a adi\\u00e7\\u00e3o de novos livros", "pageCount": "556", "excerpt": "Esse livro \\u00e9 muito top", "publishDate": "2021-06-18T23:12:00.5639338+00:00"}' 
 </msg>
<msg timestamp="20210620 22:21:02.405" level="INFO">POST Response : url=https://fakerestapi.azurewebsites.net/api/v1/Books 
 status=200, reason=OK 
 headers={'Transfer-Encoding': 'chunked', 'Content-Type': 'application/json; charset=utf-8; v=1.0', 'Server': 'Kestrel', 'api-supported-versions': '1.0', 'Date': 'Mon, 21 Jun 2021 01:21:00 GMT'} 
 body={"id":201,"title":"Meu novo Book","description":"Estamos testando a adição de novos livros","pageCount":556,"excerpt":"Esse livro é muito top","publishDate":"2021-06-18T23:12:00.5639338+00:00"} 
 </msg>
<msg timestamp="20210620 22:21:02.406" level="INFO">${RESPOSTA} = &lt;Response [200]&gt;</msg>
<status status="PASS" starttime="20210620 22:21:02.205" endtime="20210620 22:21:02.406"/>
</kw>
<kw name="Log To Console" library="BuiltIn">
<arg>${RESPOSTA.text}</arg>
<doc>Logs the given message to the console.</doc>
<status status="PASS" starttime="20210620 22:21:02.407" endtime="20210620 22:21:02.411"/>
</kw>
<kw name="Set Test Variable" library="BuiltIn">
<arg>${RESPOSTA}</arg>
<doc>Makes a variable available everywhere within the scope of the current test.</doc>
<msg timestamp="20210620 22:21:02.414" level="INFO">${RESPOSTA} = &lt;Response [200]&gt;</msg>
<status status="PASS" starttime="20210620 22:21:02.412" endtime="20210620 22:21:02.415"/>
</kw>
<kw name="publishDate">
<arg>${JSON_POST.publishDate}</arg>
<msg timestamp="20210620 22:21:02.419" level="FAIL">No keyword with name 'publishDate' found.</msg>
<status status="FAIL" starttime="20210620 22:21:02.419" endtime="20210620 22:21:02.419"/>
</kw>
<status status="FAIL" starttime="20210620 22:21:02.203" endtime="20210620 22:21:02.419"/>
</kw>
<kw name="Conferir o status code" library="kws_apiautomation">
<arg>200</arg>
<status status="NOT RUN" starttime="20210620 22:21:02.420" endtime="20210620 22:21:02.420"/>
</kw>
<kw name="Conferir o reason" library="kws_apiautomation">
<arg>OK</arg>
<status status="NOT RUN" starttime="20210620 22:21:02.420" endtime="20210620 22:21:02.420"/>
</kw>
<kw name="Conferir se retorna todos os dados cadastrados do livro &quot;201&quot;">
<status status="NOT RUN" starttime="20210620 22:21:02.422" endtime="20210620 22:21:02.422"/>
</kw>
<status status="FAIL" starttime="20210620 22:21:02.202" endtime="20210620 22:21:02.423">No keyword with name 'publishDate' found.</status>
</test>
<doc>Aqui estarão presentes os testes referentes as API's de Books</doc>
<status status="FAIL" starttime="20210620 22:20:58.945" endtime="20210620 22:21:02.425"/>
</suite>
<statistics>
<total>
<stat pass="0" fail="3" skip="0">All Tests</stat>
</total>
<tag>
</tag>
<suite>
<stat pass="0" fail="3" skip="0" id="s1" name="Apiautomation">Apiautomation</stat>
</suite>
</statistics>
<errors>
</errors>
</robot>
