<?xml version="1.0" encoding="UTF-8"?>
<robot generator="Robot 4.0.3 (Python 3.9.5 on win32)" generated="20210620 22:50:13.128" rpa="false" schemaversion="2">
<suite id="s1" name="Webautomation" source="C:\Proj_Automação\Prime_Expert\prime_expert\tests\webautomation.robot">
<test id="s1-t1" name="Caso de Teste 01: Pesquisar produto existente">
<kw name="Abrir o navegador" library="kws_webautomation" type="SETUP">
<kw name="Open Browser" library="SeleniumLibrary">
<arg>browser=${BROWSER}</arg>
<doc>Opens a new browser instance to the optional ``url``.</doc>
<msg timestamp="20210620 22:50:13.770" level="INFO">Opening browser 'chrome' to base url 'None'.</msg>
<status status="PASS" starttime="20210620 22:50:13.769" endtime="20210620 22:50:16.054"/>
</kw>
<kw name="Maximize Browser Window" library="SeleniumLibrary">
<doc>Maximizes current browser window.</doc>
<status status="PASS" starttime="20210620 22:50:16.054" endtime="20210620 22:50:16.175"/>
</kw>
<status status="PASS" starttime="20210620 22:50:13.769" endtime="20210620 22:50:16.176"/>
</kw>
<kw name="Acessar a página home do site Automation Practice" library="kws_webautomation">
<kw name="Go To" library="SeleniumLibrary">
<arg>${URL}</arg>
<doc>Navigates the current browser window to the provided ``url``.</doc>
<msg timestamp="20210620 22:50:16.177" level="INFO">Opening url 'http://automationpractice.com'</msg>
<status status="PASS" starttime="20210620 22:50:16.177" endtime="20210620 22:50:19.578"/>
</kw>
<kw name="Wait Until Element Is Visible" library="SeleniumLibrary">
<arg>xpath=//*[@id="block_top_menu"]/ul</arg>
<doc>Waits until the element ``locator`` is visible.</doc>
<status status="PASS" starttime="20210620 22:50:19.579" endtime="20210620 22:50:19.606"/>
</kw>
<kw name="Title Should Be" library="SeleniumLibrary">
<arg>My Store</arg>
<doc>Verifies that the current page title equals ``title``.</doc>
<msg timestamp="20210620 22:50:19.611" level="INFO">Page title is 'My Store'.</msg>
<status status="PASS" starttime="20210620 22:50:19.606" endtime="20210620 22:50:19.611"/>
</kw>
<status status="PASS" starttime="20210620 22:50:16.176" endtime="20210620 22:50:19.611"/>
</kw>
<kw name="Digitar o nome do produto &quot;Blouse&quot; no campo de pesquisa" library="kws_webautomation" sourcename="Digitar o nome do produto &quot;${PRODUTO}&quot; no campo de pesquisa">
<kw name="Input Text" library="SeleniumLibrary">
<arg>name=search_query</arg>
<arg>${PRODUTO}</arg>
<doc>Types the given ``text`` into the text field identified by ``locator``.</doc>
<msg timestamp="20210620 22:50:19.613" level="INFO">Typing text 'Blouse' into text field 'name=search_query'.</msg>
<status status="PASS" starttime="20210620 22:50:19.613" endtime="20210620 22:50:19.700"/>
</kw>
<kw name="Capture Page Screenshot" library="SeleniumLibrary">
<doc>Takes a screenshot of the current page and embeds it into a log file.</doc>
<msg timestamp="20210620 22:50:20.062" level="INFO" html="true">&lt;/td&gt;&lt;/tr&gt;&lt;tr&gt;&lt;td colspan="3"&gt;&lt;a href="selenium-screenshot-18.png"&gt;&lt;img src="selenium-screenshot-18.png" width="800px"&gt;&lt;/a&gt;</msg>
<status status="PASS" starttime="20210620 22:50:19.700" endtime="20210620 22:50:20.062"/>
</kw>
<status status="PASS" starttime="20210620 22:50:19.612" endtime="20210620 22:50:20.062"/>
</kw>
<kw name="Clicar no botão pesquisar" library="kws_webautomation">
<kw name="Click Element" library="SeleniumLibrary">
<arg>name=submit_search</arg>
<doc>Click the element identified by ``locator``.</doc>
<msg timestamp="20210620 22:50:20.064" level="INFO">Clicking element 'name=submit_search'.</msg>
<status status="PASS" starttime="20210620 22:50:20.063" endtime="20210620 22:50:22.838"/>
</kw>
<kw name="Capture Page Screenshot" library="SeleniumLibrary">
<doc>Takes a screenshot of the current page and embeds it into a log file.</doc>
<msg timestamp="20210620 22:50:22.959" level="INFO" html="true">&lt;/td&gt;&lt;/tr&gt;&lt;tr&gt;&lt;td colspan="3"&gt;&lt;a href="selenium-screenshot-19.png"&gt;&lt;img src="selenium-screenshot-19.png" width="800px"&gt;&lt;/a&gt;</msg>
<status status="PASS" starttime="20210620 22:50:22.839" endtime="20210620 22:50:22.959"/>
</kw>
<status status="PASS" starttime="20210620 22:50:20.063" endtime="20210620 22:50:22.959"/>
</kw>
<kw name="Conferir se o produto &quot;Blouse&quot; foi listado no site" library="kws_webautomation" sourcename="Conferir se o produto &quot;${PRODUTO}&quot; foi listado no site">
<kw name="Wait Until Element Is Visible" library="SeleniumLibrary">
<arg>xpath=//*[@id="center_column"]/h1</arg>
<doc>Waits until the element ``locator`` is visible.</doc>
<status status="PASS" starttime="20210620 22:50:22.961" endtime="20210620 22:50:22.987"/>
</kw>
<kw name="Title Should Be" library="SeleniumLibrary">
<arg>Search - My Store</arg>
<doc>Verifies that the current page title equals ``title``.</doc>
<msg timestamp="20210620 22:50:22.992" level="INFO">Page title is 'Search - My Store'.</msg>
<status status="PASS" starttime="20210620 22:50:22.987" endtime="20210620 22:50:22.992"/>
</kw>
<kw name="Page Should Contain Image" library="SeleniumLibrary">
<arg>xpath=//*[@id="center_column"]//*[@src="${URL}/img/p/7/7-home_default.jpg"]</arg>
<doc>Verifies image identified by ``locator`` is found from current page.</doc>
<msg timestamp="20210620 22:50:23.007" level="INFO">Current page contains image 'xpath=//*[@id="center_column"]//*[@src="http://automationpractice.com/img/p/7/7-home_default.jpg"]'.</msg>
<status status="PASS" starttime="20210620 22:50:22.993" endtime="20210620 22:50:23.007"/>
</kw>
<kw name="Page Should Contain Link" library="SeleniumLibrary">
<arg>xpath=//*[@id="center_column"]//*[@class="product-name"][contains(text(), "${PRODUTO}")]</arg>
<doc>Verifies link identified by ``locator`` is found from current page.</doc>
<msg timestamp="20210620 22:50:23.021" level="INFO">Current page contains link 'xpath=//*[@id="center_column"]//*[@class="product-name"][contains(text(), "Blouse")]'.</msg>
<status status="PASS" starttime="20210620 22:50:23.007" endtime="20210620 22:50:23.021"/>
</kw>
<status status="PASS" starttime="20210620 22:50:22.960" endtime="20210620 22:50:23.021"/>
</kw>
<kw name="Fechar o navegador" library="kws_webautomation" type="TEARDOWN">
<kw name="Close Browser" library="SeleniumLibrary">
<doc>Closes the current browser.</doc>
<status status="PASS" starttime="20210620 22:50:23.023" endtime="20210620 22:50:25.433"/>
</kw>
<status status="PASS" starttime="20210620 22:50:23.022" endtime="20210620 22:50:25.433"/>
</kw>
<tag>BLOUSE</tag>
<status status="PASS" starttime="20210620 22:50:13.768" endtime="20210620 22:50:25.435"/>
</test>
<test id="s1-t2" name="Caso de Teste 02: Pesquisar produto não existente">
<kw name="Abrir o navegador" library="kws_webautomation" type="SETUP">
<kw name="Open Browser" library="SeleniumLibrary">
<arg>browser=${BROWSER}</arg>
<doc>Opens a new browser instance to the optional ``url``.</doc>
<msg timestamp="20210620 22:50:25.446" level="INFO">Opening browser 'chrome' to base url 'None'.</msg>
<status status="PASS" starttime="20210620 22:50:25.445" endtime="20210620 22:50:26.741"/>
</kw>
<kw name="Maximize Browser Window" library="SeleniumLibrary">
<doc>Maximizes current browser window.</doc>
<status status="PASS" starttime="20210620 22:50:26.741" endtime="20210620 22:50:26.857"/>
</kw>
<status status="PASS" starttime="20210620 22:50:25.444" endtime="20210620 22:50:26.858"/>
</kw>
<kw name="Acessar a página home do site Automation Practice" library="kws_webautomation">
<kw name="Go To" library="SeleniumLibrary">
<arg>${URL}</arg>
<doc>Navigates the current browser window to the provided ``url``.</doc>
<msg timestamp="20210620 22:50:26.862" level="INFO">Opening url 'http://automationpractice.com'</msg>
<status status="PASS" starttime="20210620 22:50:26.862" endtime="20210620 22:50:32.227"/>
</kw>
<kw name="Wait Until Element Is Visible" library="SeleniumLibrary">
<arg>xpath=//*[@id="block_top_menu"]/ul</arg>
<doc>Waits until the element ``locator`` is visible.</doc>
<status status="PASS" starttime="20210620 22:50:32.228" endtime="20210620 22:50:32.254"/>
</kw>
<kw name="Title Should Be" library="SeleniumLibrary">
<arg>My Store</arg>
<doc>Verifies that the current page title equals ``title``.</doc>
<msg timestamp="20210620 22:50:32.260" level="INFO">Page title is 'My Store'.</msg>
<status status="PASS" starttime="20210620 22:50:32.254" endtime="20210620 22:50:32.260"/>
</kw>
<status status="PASS" starttime="20210620 22:50:26.860" endtime="20210620 22:50:32.260"/>
</kw>
<kw name="Digitar o nome do produto &quot;itemNãoExistente&quot; no campo de pesquisa" library="kws_webautomation" sourcename="Digitar o nome do produto &quot;${PRODUTO}&quot; no campo de pesquisa">
<kw name="Input Text" library="SeleniumLibrary">
<arg>name=search_query</arg>
<arg>${PRODUTO}</arg>
<doc>Types the given ``text`` into the text field identified by ``locator``.</doc>
<msg timestamp="20210620 22:50:32.262" level="INFO">Typing text 'itemNãoExistente' into text field 'name=search_query'.</msg>
<status status="PASS" starttime="20210620 22:50:32.261" endtime="20210620 22:50:32.351"/>
</kw>
<kw name="Capture Page Screenshot" library="SeleniumLibrary">
<doc>Takes a screenshot of the current page and embeds it into a log file.</doc>
<msg timestamp="20210620 22:50:32.726" level="INFO" html="true">&lt;/td&gt;&lt;/tr&gt;&lt;tr&gt;&lt;td colspan="3"&gt;&lt;a href="selenium-screenshot-20.png"&gt;&lt;img src="selenium-screenshot-20.png" width="800px"&gt;&lt;/a&gt;</msg>
<status status="PASS" starttime="20210620 22:50:32.351" endtime="20210620 22:50:32.726"/>
</kw>
<status status="PASS" starttime="20210620 22:50:32.261" endtime="20210620 22:50:32.727"/>
</kw>
<kw name="Clicar no botão pesquisar" library="kws_webautomation">
<kw name="Click Element" library="SeleniumLibrary">
<arg>name=submit_search</arg>
<doc>Click the element identified by ``locator``.</doc>
<msg timestamp="20210620 22:50:32.732" level="INFO">Clicking element 'name=submit_search'.</msg>
<status status="PASS" starttime="20210620 22:50:32.731" endtime="20210620 22:50:34.111"/>
</kw>
<kw name="Capture Page Screenshot" library="SeleniumLibrary">
<doc>Takes a screenshot of the current page and embeds it into a log file.</doc>
<msg timestamp="20210620 22:50:34.212" level="INFO" html="true">&lt;/td&gt;&lt;/tr&gt;&lt;tr&gt;&lt;td colspan="3"&gt;&lt;a href="selenium-screenshot-21.png"&gt;&lt;img src="selenium-screenshot-21.png" width="800px"&gt;&lt;/a&gt;</msg>
<status status="PASS" starttime="20210620 22:50:34.111" endtime="20210620 22:50:34.212"/>
</kw>
<status status="PASS" starttime="20210620 22:50:32.729" endtime="20210620 22:50:34.213"/>
</kw>
<kw name=" Conferir mensagem &quot;No results were found for your search &quot;itemNãoExistente&quot;&quot;" library="kws_webautomation">
<kw name="Wait Until Element Is Visible" library="SeleniumLibrary">
<arg>css=p[class="alert alert-warning"]</arg>
<doc>Waits until the element ``locator`` is visible.</doc>
<status status="PASS" starttime="20210620 22:50:34.214" endtime="20210620 22:50:34.242"/>
</kw>
<kw name="Wait Until Element Is Visible" library="SeleniumLibrary">
<arg>css=#center_column span[class="heading-counter"</arg>
<doc>Waits until the element ``locator`` is visible.</doc>
<status status="PASS" starttime="20210620 22:50:34.242" endtime="20210620 22:50:34.261"/>
</kw>
<status status="PASS" starttime="20210620 22:50:34.213" endtime="20210620 22:50:34.261"/>
</kw>
<kw name="Fechar o navegador" library="kws_webautomation" type="TEARDOWN">
<kw name="Close Browser" library="SeleniumLibrary">
<doc>Closes the current browser.</doc>
<status status="PASS" starttime="20210620 22:50:34.262" endtime="20210620 22:50:36.444"/>
</kw>
<status status="PASS" starttime="20210620 22:50:34.262" endtime="20210620 22:50:36.445"/>
</kw>
<tag>NAO_EXISTE</tag>
<status status="PASS" starttime="20210620 22:50:25.442" endtime="20210620 22:50:36.447"/>
</test>
<test id="s1-t3" name="Caso de Teste 03: Listar Produtos">
<kw name="Abrir o navegador" library="kws_webautomation" type="SETUP">
<kw name="Open Browser" library="SeleniumLibrary">
<arg>browser=${BROWSER}</arg>
<doc>Opens a new browser instance to the optional ``url``.</doc>
<msg timestamp="20210620 22:50:36.457" level="INFO">Opening browser 'chrome' to base url 'None'.</msg>
<status status="PASS" starttime="20210620 22:50:36.457" endtime="20210620 22:50:37.889"/>
</kw>
<kw name="Maximize Browser Window" library="SeleniumLibrary">
<doc>Maximizes current browser window.</doc>
<status status="PASS" starttime="20210620 22:50:37.889" endtime="20210620 22:50:38.010"/>
</kw>
<status status="PASS" starttime="20210620 22:50:36.456" endtime="20210620 22:50:38.010"/>
</kw>
<kw name="Acessar a página home do site Automation Practice" library="kws_webautomation">
<kw name="Go To" library="SeleniumLibrary">
<arg>${URL}</arg>
<doc>Navigates the current browser window to the provided ``url``.</doc>
<msg timestamp="20210620 22:50:38.011" level="INFO">Opening url 'http://automationpractice.com'</msg>
<status status="PASS" starttime="20210620 22:50:38.011" endtime="20210620 22:50:43.143"/>
</kw>
<kw name="Wait Until Element Is Visible" library="SeleniumLibrary">
<arg>xpath=//*[@id="block_top_menu"]/ul</arg>
<doc>Waits until the element ``locator`` is visible.</doc>
<status status="PASS" starttime="20210620 22:50:43.143" endtime="20210620 22:50:43.168"/>
</kw>
<kw name="Title Should Be" library="SeleniumLibrary">
<arg>My Store</arg>
<doc>Verifies that the current page title equals ``title``.</doc>
<msg timestamp="20210620 22:50:43.173" level="INFO">Page title is 'My Store'.</msg>
<status status="PASS" starttime="20210620 22:50:43.168" endtime="20210620 22:50:43.173"/>
</kw>
<status status="PASS" starttime="20210620 22:50:38.011" endtime="20210620 22:50:43.173"/>
</kw>
<kw name="Passar o mouse por cima da categoria &quot;Women&quot; no menu principal superior de categorias" library="kws_webautomation" sourcename="Passar o mouse por cima da categoria ${WOMEN} no menu principal superior de categorias">
<kw name="Wait Until Element Is Visible" library="SeleniumLibrary">
<arg>xpath=//*[@id="block_top_menu"]/ul/li[1]/a</arg>
<doc>Waits until the element ``locator`` is visible.</doc>
<status status="PASS" starttime="20210620 22:50:43.175" endtime="20210620 22:50:43.199"/>
</kw>
<kw name="Mouse Over" library="SeleniumLibrary">
<arg>xpath=//*[@id="block_top_menu"]/ul/li[1]/a</arg>
<doc>Simulates hovering the mouse over the element ``locator``.</doc>
<msg timestamp="20210620 22:50:43.201" level="INFO">Simulating Mouse Over on element 'xpath=//*[@id="block_top_menu"]/ul/li[1]/a'.</msg>
<status status="PASS" starttime="20210620 22:50:43.200" endtime="20210620 22:50:43.492"/>
</kw>
<status status="PASS" starttime="20210620 22:50:43.174" endtime="20210620 22:50:43.492"/>
</kw>
<kw name="Clicar na sub categoria &quot;Summer Dresses&quot;" library="kws_webautomation" sourcename="Clicar na sub categoria ${SUMMER_DRESSES}">
<kw name="Wait Until Element Is Visible" library="SeleniumLibrary">
<arg>xpath=//*[@id="block_top_menu"]/ul/li[1]/ul/li[2]/ul/li[3]/a</arg>
<doc>Waits until the element ``locator`` is visible.</doc>
<status status="PASS" starttime="20210620 22:50:43.495" endtime="20210620 22:50:43.524"/>
</kw>
<kw name="Click Element" library="SeleniumLibrary">
<arg>xpath=//*[@id="block_top_menu"]/ul/li[1]/ul/li[2]/ul/li[3]/a</arg>
<doc>Click the element identified by ``locator``.</doc>
<msg timestamp="20210620 22:50:43.524" level="INFO">Clicking element 'xpath=//*[@id="block_top_menu"]/ul/li[1]/ul/li[2]/ul/li[3]/a'.</msg>
<status status="PASS" starttime="20210620 22:50:43.524" endtime="20210620 22:50:45.019"/>
</kw>
<status status="PASS" starttime="20210620 22:50:43.494" endtime="20210620 22:50:45.019"/>
</kw>
<kw name="Conferir se os produtos da sub-categoria &quot;Summer Dresses&quot; foram mostrados na página" library="kws_webautomation" sourcename="Conferir se os produtos da sub-categoria ${SUMMER_DRESSES} foram mostrados na página">
<kw name="Wait Until Element Is Visible" library="SeleniumLibrary">
<arg>css=span[class="cat-name"]</arg>
<doc>Waits until the element ``locator`` is visible.</doc>
<status status="PASS" starttime="20210620 22:50:45.020" endtime="20210620 22:50:45.044"/>
</kw>
<kw name="Wait Until Element Is Visible" library="SeleniumLibrary">
<arg>css=span[class="heading-counter"]</arg>
<doc>Waits until the element ``locator`` is visible.</doc>
<status status="PASS" starttime="20210620 22:50:45.044" endtime="20210620 22:50:45.063"/>
</kw>
<kw name="Title Should Be" library="SeleniumLibrary">
<arg>Summer Dresses - My Store</arg>
<doc>Verifies that the current page title equals ``title``.</doc>
<msg timestamp="20210620 22:50:45.068" level="INFO">Page title is 'Summer Dresses - My Store'.</msg>
<status status="PASS" starttime="20210620 22:50:45.063" endtime="20210620 22:50:45.068"/>
</kw>
<status status="PASS" starttime="20210620 22:50:45.020" endtime="20210620 22:50:45.068"/>
</kw>
<kw name="Fechar o navegador" library="kws_webautomation" type="TEARDOWN">
<kw name="Close Browser" library="SeleniumLibrary">
<doc>Closes the current browser.</doc>
<status status="PASS" starttime="20210620 22:50:45.069" endtime="20210620 22:50:47.260"/>
</kw>
<status status="PASS" starttime="20210620 22:50:45.069" endtime="20210620 22:50:47.261"/>
</kw>
<tag>LISTAR</tag>
<status status="PASS" starttime="20210620 22:50:36.453" endtime="20210620 22:50:47.263"/>
</test>
<test id="s1-t4" name="Caso de teste 04: Adicionar Cliente">
<kw name="Abrir o navegador" library="kws_webautomation" type="SETUP">
<kw name="Open Browser" library="SeleniumLibrary">
<arg>browser=${BROWSER}</arg>
<doc>Opens a new browser instance to the optional ``url``.</doc>
<msg timestamp="20210620 22:50:47.276" level="INFO">Opening browser 'chrome' to base url 'None'.</msg>
<status status="PASS" starttime="20210620 22:50:47.274" endtime="20210620 22:50:48.610"/>
</kw>
<kw name="Maximize Browser Window" library="SeleniumLibrary">
<doc>Maximizes current browser window.</doc>
<status status="PASS" starttime="20210620 22:50:48.610" endtime="20210620 22:50:48.738"/>
</kw>
<status status="PASS" starttime="20210620 22:50:47.272" endtime="20210620 22:50:48.738"/>
</kw>
<kw name="Acessar a página home do site Automation Practice" library="kws_webautomation">
<kw name="Go To" library="SeleniumLibrary">
<arg>${URL}</arg>
<doc>Navigates the current browser window to the provided ``url``.</doc>
<msg timestamp="20210620 22:50:48.739" level="INFO">Opening url 'http://automationpractice.com'</msg>
<status status="PASS" starttime="20210620 22:50:48.739" endtime="20210620 22:50:52.267"/>
</kw>
<kw name="Wait Until Element Is Visible" library="SeleniumLibrary">
<arg>xpath=//*[@id="block_top_menu"]/ul</arg>
<doc>Waits until the element ``locator`` is visible.</doc>
<status status="PASS" starttime="20210620 22:50:52.267" endtime="20210620 22:50:52.296"/>
</kw>
<kw name="Title Should Be" library="SeleniumLibrary">
<arg>My Store</arg>
<doc>Verifies that the current page title equals ``title``.</doc>
<msg timestamp="20210620 22:50:52.300" level="INFO">Page title is 'My Store'.</msg>
<status status="PASS" starttime="20210620 22:50:52.296" endtime="20210620 22:50:52.300"/>
</kw>
<status status="PASS" starttime="20210620 22:50:48.738" endtime="20210620 22:50:52.301"/>
</kw>
<kw name="Clicar em &quot;Sign in&quot;" library="kws_webautomation" sourcename="Clicar em ${SIGN_IN}">
<kw name="Click Element" library="SeleniumLibrary">
<arg>css=a[title="Log in to your customer account"]</arg>
<doc>Click the element identified by ``locator``.</doc>
<msg timestamp="20210620 22:50:52.302" level="INFO">Clicking element 'css=a[title="Log in to your customer account"]'.</msg>
<status status="PASS" starttime="20210620 22:50:52.302" endtime="20210620 22:50:53.694"/>
</kw>
<status status="PASS" starttime="20210620 22:50:52.301" endtime="20210620 22:50:53.695"/>
</kw>
<kw name="Informar um e-mail válido" library="kws_webautomation">
<kw name="Email" library="FakerLibrary">
<var>${EMAILFAKE}</var>
<msg timestamp="20210620 22:50:53.697" level="INFO">${EMAILFAKE} = lopesemanuella@novaes.org</msg>
<status status="PASS" starttime="20210620 22:50:53.696" endtime="20210620 22:50:53.697"/>
</kw>
<kw name="Title Should Be" library="SeleniumLibrary">
<arg>Login - My Store</arg>
<doc>Verifies that the current page title equals ``title``.</doc>
<msg timestamp="20210620 22:50:53.705" level="INFO">Page title is 'Login - My Store'.</msg>
<status status="PASS" starttime="20210620 22:50:53.697" endtime="20210620 22:50:53.705"/>
</kw>
<kw name="Input Text" library="SeleniumLibrary">
<arg>id=email_create</arg>
<arg>${EMAILFAKE}</arg>
<doc>Types the given ``text`` into the text field identified by ``locator``.</doc>
<msg timestamp="20210620 22:50:53.705" level="INFO">Typing text 'lopesemanuella@novaes.org' into text field 'id=email_create'.</msg>
<status status="PASS" starttime="20210620 22:50:53.705" endtime="20210620 22:50:53.814"/>
</kw>
<status status="PASS" starttime="20210620 22:50:53.696" endtime="20210620 22:50:53.814"/>
</kw>
<kw name="Clicar em &quot;Create an account&quot; para cadastrar" library="kws_webautomation">
<kw name="Wait Until Element Is Visible" library="SeleniumLibrary">
<arg>css=i[class="icon-user left"]</arg>
<doc>Waits until the element ``locator`` is visible.</doc>
<status status="PASS" starttime="20210620 22:50:53.815" endtime="20210620 22:50:53.840"/>
</kw>
<kw name="Click Element" library="SeleniumLibrary">
<arg>css=i[class="icon-user left"]</arg>
<doc>Click the element identified by ``locator``.</doc>
<msg timestamp="20210620 22:50:53.841" level="INFO">Clicking element 'css=i[class="icon-user left"]'.</msg>
<status status="PASS" starttime="20210620 22:50:53.841" endtime="20210620 22:50:53.888"/>
</kw>
<status status="PASS" starttime="20210620 22:50:53.815" endtime="20210620 22:50:53.888"/>
</kw>
<kw name="Preencher os campos obrigatórios" library="kws_webautomation">
<kw name="Name" library="FakerLibrary">
<var>${NOMEFAKE}</var>
<doc>:example 'John Doe'</doc>
<msg timestamp="20210620 22:50:53.889" level="INFO">${NOMEFAKE} = Sra. Nina Barbosa</msg>
<status status="PASS" starttime="20210620 22:50:53.889" endtime="20210620 22:50:53.889"/>
</kw>
<kw name="Password" library="FakerLibrary">
<var>${PASSWORDFAKE}</var>
<doc>Generate a random password of the specified ``length``.</doc>
<msg timestamp="20210620 22:50:53.890" level="INFO">${PASSWORDFAKE} = g!GX5L@zaN</msg>
<status status="PASS" starttime="20210620 22:50:53.890" endtime="20210620 22:50:53.890"/>
</kw>
<kw name="Address" library="FakerLibrary">
<var>${ENDERECOFAKE}</var>
<doc>:example '791 Crist Parks, Sashabury, IL 86039-9874'</doc>
<msg timestamp="20210620 22:50:53.890" level="INFO">${ENDERECOFAKE} = Condomínio Carlos Eduardo da Cunha, 739
Jardim Montanhês
33693480 Fernandes do Galho / PR</msg>
<status status="PASS" starttime="20210620 22:50:53.890" endtime="20210620 22:50:53.890"/>
</kw>
<kw name="Postcode" library="FakerLibrary">
<var>${CODIGOPOSTALFAKE}</var>
<doc>Randomly returns a postcode.
:param formatted: True to allow formatted postcodes, else False (default True)
:example formatted: '41224-212' '83992-291' '12324322'
:example raw: '43920231' '34239530'</doc>
<msg timestamp="20210620 22:50:53.891" level="INFO">${CODIGOPOSTALFAKE} = 10406280</msg>
<status status="PASS" starttime="20210620 22:50:53.890" endtime="20210620 22:50:53.891"/>
</kw>
<kw name="Phone Number" library="FakerLibrary">
<var>${TELEFONEFAKE}</var>
<msg timestamp="20210620 22:50:53.891" level="INFO">${TELEFONEFAKE} = +55 (071) 1717-3840</msg>
<status status="PASS" starttime="20210620 22:50:53.891" endtime="20210620 22:50:53.891"/>
</kw>
<kw name="Wait Until Element Is Visible" library="SeleniumLibrary">
<arg>id=customer_firstname</arg>
<doc>Waits until the element ``locator`` is visible.</doc>
<status status="PASS" starttime="20210620 22:50:53.891" endtime="20210620 22:50:55.249"/>
</kw>
<kw name="Input Text" library="SeleniumLibrary">
<arg>id=customer_firstname</arg>
<arg>${NOMEFAKE}</arg>
<doc>Types the given ``text`` into the text field identified by ``locator``.</doc>
<msg timestamp="20210620 22:50:55.250" level="INFO">Typing text 'Sra. Nina Barbosa' into text field 'id=customer_firstname'.</msg>
<status status="PASS" starttime="20210620 22:50:55.249" endtime="20210620 22:50:55.353"/>
</kw>
<kw name="Input Text" library="SeleniumLibrary">
<arg>id=customer_lastname</arg>
<arg>${NOMEFAKE}</arg>
<doc>Types the given ``text`` into the text field identified by ``locator``.</doc>
<msg timestamp="20210620 22:50:55.353" level="INFO">Typing text 'Sra. Nina Barbosa' into text field 'id=customer_lastname'.</msg>
<status status="PASS" starttime="20210620 22:50:55.353" endtime="20210620 22:50:55.451"/>
</kw>
<kw name="Input Text" library="SeleniumLibrary">
<arg>id=passwd</arg>
<arg>${PASSWORDFAKE}</arg>
<doc>Types the given ``text`` into the text field identified by ``locator``.</doc>
<msg timestamp="20210620 22:50:55.451" level="INFO">Typing text 'g!GX5L@zaN' into text field 'id=passwd'.</msg>
<status status="PASS" starttime="20210620 22:50:55.451" endtime="20210620 22:50:55.538"/>
</kw>
<kw name="Input Text" library="SeleniumLibrary">
<arg>id=address1</arg>
<arg>${ENDERECOFAKE}</arg>
<doc>Types the given ``text`` into the text field identified by ``locator``.</doc>
<msg timestamp="20210620 22:50:55.538" level="INFO">Typing text 'Condomínio Carlos Eduardo da Cunha, 739
Jardim Montanhês
33693480 Fernandes do Galho / PR' into text field 'id=address1'.</msg>
<status status="PASS" starttime="20210620 22:50:55.538" endtime="20210620 22:50:56.840"/>
</kw>
<kw name="Input Text" library="SeleniumLibrary">
<arg>id=city</arg>
<arg>${CIDADE}</arg>
<doc>Types the given ``text`` into the text field identified by ``locator``.</doc>
<msg timestamp="20210620 22:50:56.840" level="INFO">Typing text 'New York' into text field 'id=city'.</msg>
<status status="PASS" starttime="20210620 22:50:56.840" endtime="20210620 22:50:56.925"/>
</kw>
<kw name="Select From List By Index" library="SeleniumLibrary">
<arg>id=id_state</arg>
<arg>33</arg>
<doc>Selects options from selection list ``locator`` by ``indexes``.</doc>
<msg timestamp="20210620 22:50:56.926" level="INFO">Selecting options from selection list 'id=id_state' by index 33.</msg>
<status status="PASS" starttime="20210620 22:50:56.926" endtime="20210620 22:50:57.157"/>
</kw>
<kw name="Input Text" library="SeleniumLibrary">
<arg>id=postcode</arg>
<arg>${CODIGOPOSTALFAKE}</arg>
<doc>Types the given ``text`` into the text field identified by ``locator``.</doc>
<msg timestamp="20210620 22:50:57.157" level="INFO">Typing text '10406280' into text field 'id=postcode'.</msg>
<status status="PASS" starttime="20210620 22:50:57.157" endtime="20210620 22:50:57.247"/>
</kw>
<kw name="Input Text" library="SeleniumLibrary">
<arg>id=phone_mobile</arg>
<arg>${TELEFONEFAKE}</arg>
<doc>Types the given ``text`` into the text field identified by ``locator``.</doc>
<msg timestamp="20210620 22:50:57.247" level="INFO">Typing text '+55 (071) 1717-3840' into text field 'id=phone_mobile'.</msg>
<status status="PASS" starttime="20210620 22:50:57.247" endtime="20210620 22:50:57.345"/>
</kw>
<status status="PASS" starttime="20210620 22:50:53.889" endtime="20210620 22:50:57.345"/>
</kw>
<kw name="Clicar em &quot;Register&quot; para finalizar o cadastro" library="kws_webautomation">
<kw name="Title Should Be" library="SeleniumLibrary">
<arg>Login - My Store</arg>
<doc>Verifies that the current page title equals ``title``.</doc>
<msg timestamp="20210620 22:50:57.351" level="INFO">Page title is 'Login - My Store'.</msg>
<status status="PASS" starttime="20210620 22:50:57.346" endtime="20210620 22:50:57.351"/>
</kw>
<kw name="Wait Until Element Is Visible" library="SeleniumLibrary">
<arg>id=submitAccount</arg>
<doc>Waits until the element ``locator`` is visible.</doc>
<status status="PASS" starttime="20210620 22:50:57.352" endtime="20210620 22:50:57.374"/>
</kw>
<kw name="Click Element" library="SeleniumLibrary">
<arg>id=submitAccount</arg>
<doc>Click the element identified by ``locator``.</doc>
<msg timestamp="20210620 22:50:57.375" level="INFO">Clicking element 'id=submitAccount'.</msg>
<status status="PASS" starttime="20210620 22:50:57.374" endtime="20210620 22:50:58.400"/>
</kw>
<kw name="Wait Until Element Is Visible" library="SeleniumLibrary">
<arg>css=h1[class="page-heading"]</arg>
<doc>Waits until the element ``locator`` is visible.</doc>
<status status="PASS" starttime="20210620 22:50:58.400" endtime="20210620 22:50:58.420"/>
</kw>
<status status="PASS" starttime="20210620 22:50:57.346" endtime="20210620 22:50:58.420"/>
</kw>
<kw name="Fechar o navegador" library="kws_webautomation" type="TEARDOWN">
<kw name="Close Browser" library="SeleniumLibrary">
<doc>Closes the current browser.</doc>
<status status="PASS" starttime="20210620 22:50:58.421" endtime="20210620 22:51:00.594"/>
</kw>
<status status="PASS" starttime="20210620 22:50:58.420" endtime="20210620 22:51:00.594"/>
</kw>
<tag>CLIENTE</tag>
<status status="PASS" starttime="20210620 22:50:47.269" endtime="20210620 22:51:00.596"/>
</test>
<doc>Neste arquivo estarão presentes nossos primeiros fluxos
de automação web e seus respectivos cenários automatizados.</doc>
<status status="PASS" starttime="20210620 22:50:13.129" endtime="20210620 22:51:00.605"/>
</suite>
<statistics>
<total>
<stat pass="4" fail="0" skip="0">All Tests</stat>
</total>
<tag>
<stat pass="1" fail="0" skip="0">BLOUSE</stat>
<stat pass="1" fail="0" skip="0">CLIENTE</stat>
<stat pass="1" fail="0" skip="0">LISTAR</stat>
<stat pass="1" fail="0" skip="0">NAO_EXISTE</stat>
</tag>
<suite>
<stat pass="4" fail="0" skip="0" id="s1" name="Webautomation">Webautomation</stat>
</suite>
</statistics>
<errors>
</errors>
</robot>
