<?xml version="1.0" encoding="UTF-8"?>
<robot generator="Robot 4.0.3 (Python 3.9.5 on win32)" generated="20210616 22:56:57.720" rpa="false" schemaversion="2">
<suite id="s1" name="Webautomation" source="C:\Proj_Automação\Prime_expert\prime_expert\tests\webautomation.robot">
<test id="s1-t1" name="Caso de Teste 01: Pesquisar produto existente">
<kw name="Abrir o navegador" library="kws_automation" type="SETUP">
<kw name="Open Browser" library="SeleniumLibrary">
<arg>browser=${BROWSER}</arg>
<doc>Opens a new browser instance to the optional ``url``.</doc>
<msg timestamp="20210616 22:56:58.032" level="INFO">Opening browser 'chrome' to base url 'None'.</msg>
<status status="PASS" starttime="20210616 22:56:58.032" endtime="20210616 22:56:59.401"/>
</kw>
<kw name="Maximize Browser Window" library="SeleniumLibrary">
<doc>Maximizes current browser window.</doc>
<status status="PASS" starttime="20210616 22:56:59.402" endtime="20210616 22:56:59.527"/>
</kw>
<status status="PASS" starttime="20210616 22:56:58.032" endtime="20210616 22:56:59.527"/>
</kw>
<kw name="Acessar a página home do site Automation Practice" library="kws_automation">
<kw name="Go To" library="SeleniumLibrary">
<arg>${URL}</arg>
<doc>Navigates the current browser window to the provided ``url``.</doc>
<msg timestamp="20210616 22:56:59.529" level="INFO">Opening url 'http://automationpractice.com'</msg>
<status status="PASS" starttime="20210616 22:56:59.528" endtime="20210616 22:57:07.759"/>
</kw>
<kw name="Wait Until Element Is Visible" library="SeleniumLibrary">
<arg>xpath=//*[@id="block_top_menu"]/ul</arg>
<doc>Waits until the element ``locator`` is visible.</doc>
<status status="PASS" starttime="20210616 22:57:07.760" endtime="20210616 22:57:07.793"/>
</kw>
<kw name="Title Should Be" library="SeleniumLibrary">
<arg>My Store</arg>
<doc>Verifies that the current page title equals ``title``.</doc>
<msg timestamp="20210616 22:57:07.797" level="INFO">Page title is 'My Store'.</msg>
<status status="PASS" starttime="20210616 22:57:07.793" endtime="20210616 22:57:07.797"/>
</kw>
<status status="PASS" starttime="20210616 22:56:59.528" endtime="20210616 22:57:07.798"/>
</kw>
<kw name="Digitar o nome do produto &quot;Blouse&quot; no campo de pesquisa" library="kws_automation" sourcename="Digitar o nome do produto &quot;${PRODUTO}&quot; no campo de pesquisa">
<kw name="Input Text" library="SeleniumLibrary">
<arg>name=search_query</arg>
<arg>${PRODUTO}</arg>
<doc>Types the given ``text`` into the text field identified by ``locator``.</doc>
<msg timestamp="20210616 22:57:07.799" level="INFO">Typing text 'Blouse' into text field 'name=search_query'.</msg>
<status status="PASS" starttime="20210616 22:57:07.799" endtime="20210616 22:57:07.897"/>
</kw>
<kw name="Capture Page Screenshot" library="SeleniumLibrary">
<doc>Takes a screenshot of the current page and embeds it into a log file.</doc>
<msg timestamp="20210616 22:57:08.244" level="INFO" html="true">&lt;/td&gt;&lt;/tr&gt;&lt;tr&gt;&lt;td colspan="3"&gt;&lt;a href="selenium-screenshot-3.png"&gt;&lt;img src="selenium-screenshot-3.png" width="800px"&gt;&lt;/a&gt;</msg>
<status status="PASS" starttime="20210616 22:57:07.898" endtime="20210616 22:57:08.244"/>
</kw>
<status status="PASS" starttime="20210616 22:57:07.798" endtime="20210616 22:57:08.244"/>
</kw>
<kw name="Clicar no botão pesquisar" library="kws_automation">
<kw name="Click Element" library="SeleniumLibrary">
<arg>name=submit_search</arg>
<doc>Click the element identified by ``locator``.</doc>
<msg timestamp="20210616 22:57:08.245" level="INFO">Clicking element 'name=submit_search'.</msg>
<status status="PASS" starttime="20210616 22:57:08.245" endtime="20210616 22:57:12.689"/>
</kw>
<kw name="Capture Page Screenshot" library="SeleniumLibrary">
<doc>Takes a screenshot of the current page and embeds it into a log file.</doc>
<msg timestamp="20210616 22:57:12.797" level="INFO" html="true">&lt;/td&gt;&lt;/tr&gt;&lt;tr&gt;&lt;td colspan="3"&gt;&lt;a href="selenium-screenshot-4.png"&gt;&lt;img src="selenium-screenshot-4.png" width="800px"&gt;&lt;/a&gt;</msg>
<status status="PASS" starttime="20210616 22:57:12.689" endtime="20210616 22:57:12.797"/>
</kw>
<status status="PASS" starttime="20210616 22:57:08.245" endtime="20210616 22:57:12.798"/>
</kw>
<kw name="Conferir se o produto &quot;Blouse&quot; foi listado no site" library="kws_automation" sourcename="Conferir se o produto &quot;${PRODUTO}&quot; foi listado no site">
<kw name="Wait Until Element Is Visible" library="SeleniumLibrary">
<arg>xpath=//*[@id="center_column"]/h1</arg>
<doc>Waits until the element ``locator`` is visible.</doc>
<status status="PASS" starttime="20210616 22:57:12.799" endtime="20210616 22:57:12.824"/>
</kw>
<kw name="Title Should Be" library="SeleniumLibrary">
<arg>Search - My Store</arg>
<doc>Verifies that the current page title equals ``title``.</doc>
<msg timestamp="20210616 22:57:12.827" level="INFO">Page title is 'Search - My Store'.</msg>
<status status="PASS" starttime="20210616 22:57:12.824" endtime="20210616 22:57:12.827"/>
</kw>
<kw name="Page Should Contain Image" library="SeleniumLibrary">
<arg>xpath=//*[@id="center_column"]//*[@src="${URL}/img/p/7/7-home_default.jpg"]</arg>
<doc>Verifies image identified by ``locator`` is found from current page.</doc>
<msg timestamp="20210616 22:57:12.841" level="INFO">Current page contains image 'xpath=//*[@id="center_column"]//*[@src="http://automationpractice.com/img/p/7/7-home_default.jpg"]'.</msg>
<status status="PASS" starttime="20210616 22:57:12.828" endtime="20210616 22:57:12.841"/>
</kw>
<kw name="Page Should Contain Link" library="SeleniumLibrary">
<arg>xpath=//*[@id="center_column"]//*[@class="product-name"][contains(text(), "${PRODUTO}")]</arg>
<doc>Verifies link identified by ``locator`` is found from current page.</doc>
<msg timestamp="20210616 22:57:12.856" level="INFO">Current page contains link 'xpath=//*[@id="center_column"]//*[@class="product-name"][contains(text(), "Blouse")]'.</msg>
<status status="PASS" starttime="20210616 22:57:12.841" endtime="20210616 22:57:12.856"/>
</kw>
<status status="PASS" starttime="20210616 22:57:12.798" endtime="20210616 22:57:12.856"/>
</kw>
<kw name="Fechar o navegador" library="kws_automation" type="TEARDOWN">
<kw name="Close Browser" library="SeleniumLibrary">
<doc>Closes the current browser.</doc>
<status status="PASS" starttime="20210616 22:57:12.857" endtime="20210616 22:57:15.044"/>
</kw>
<status status="PASS" starttime="20210616 22:57:12.857" endtime="20210616 22:57:15.044"/>
</kw>
<status status="PASS" starttime="20210616 22:56:58.030" endtime="20210616 22:57:15.045"/>
</test>
<doc>Neste arquivo estarão presentes nossos primeiros fluxos
de automação web e seus respectivos cenários automatizados.</doc>
<status status="PASS" starttime="20210616 22:56:57.722" endtime="20210616 22:57:15.047"/>
</suite>
<statistics>
<total>
<stat pass="1" fail="0" skip="0">All Tests</stat>
</total>
<tag>
</tag>
<suite>
<stat pass="1" fail="0" skip="0" id="s1" name="Webautomation">Webautomation</stat>
</suite>
</statistics>
<errors>
</errors>
</robot>
